Vocabulary size: 43405
Experiment dir: checkpoint/ours-jsw-attn+pe/20231027-170745
Vocabulary size: 43405
Maximum length: 15
Maximum length: 15
Maximum length: 15
| epoch  1 |  5000/35093 batches | 26.32 ms/batch | loss 40.26 | recon 40.24 | kl 0.02 |
| epoch  1 | 10000/35093 batches | 26.14 ms/batch | loss 16.87 | recon 16.84 | kl 0.03 |
| epoch  1 | 15000/35093 batches | 26.14 ms/batch | loss 12.96 | recon 12.94 | kl 0.03 |
| epoch  1 | 20000/35093 batches | 26.10 ms/batch | loss 11.58 | recon 11.55 | kl 0.03 |
| epoch  1 | 25000/35093 batches | 26.17 ms/batch | loss 11.05 | recon 11.03 | kl 0.03 |
| epoch  1 | 30000/35093 batches | 26.06 ms/batch | loss 10.63 | recon 10.60 | kl 0.03 |
| epoch  1 | 35000/35093 batches | 26.09 ms/batch | loss 10.52 | recon 10.50 | kl 0.03 |
saving to checkpoint/ours-jsw-attn+pe/20231027-170745
---------------------------------------------------------------------------
| end of epoch  1 | time 935.71s | kl_weight 0.19 | vae_lr 1.00 | loss 9.21
| recon 9.18 | kl 0.03 | mi -0.02
---------------------------------------------------------------------------
| epoch  2 |  5000/35093 batches | 26.04 ms/batch | loss 10.24 | recon 10.22 | kl 0.03 |
| epoch  2 | 10000/35093 batches | 26.09 ms/batch | loss 10.19 | recon 10.16 | kl 0.03 |
| epoch  2 | 15000/35093 batches | 26.10 ms/batch | loss 10.26 | recon 10.23 | kl 0.03 |
| epoch  2 | 20000/35093 batches | 26.17 ms/batch | loss 10.17 | recon 10.14 | kl 0.03 |
| epoch  2 | 25000/35093 batches | 26.09 ms/batch | loss 10.19 | recon 10.16 | kl 0.03 |
| epoch  2 | 30000/35093 batches | 26.11 ms/batch | loss 10.17 | recon 10.13 | kl 0.03 |
| epoch  2 | 35000/35093 batches | 26.09 ms/batch | loss 10.14 | recon 10.11 | kl 0.03 |
saving to checkpoint/ours-jsw-attn+pe/20231027-170745
---------------------------------------------------------------------------
| end of epoch  2 | time 934.02s | kl_weight 0.28 | vae_lr 1.00 | loss 9.06
| recon 9.03 | kl 0.03 | mi -0.01
---------------------------------------------------------------------------
| epoch  3 |  5000/35093 batches | 26.12 ms/batch | loss 9.96 | recon 9.93 | kl 0.03 |
| epoch  3 | 10000/35093 batches | 26.05 ms/batch | loss 10.00 | recon 9.97 | kl 0.03 |
| epoch  3 | 15000/35093 batches | 26.12 ms/batch | loss 9.99 | recon 9.95 | kl 0.03 |
| epoch  3 | 20000/35093 batches | 26.11 ms/batch | loss 10.02 | recon 9.99 | kl 0.03 |
| epoch  3 | 25000/35093 batches | 26.08 ms/batch | loss 9.97 | recon 9.94 | kl 0.03 |
| epoch  3 | 30000/35093 batches | 26.04 ms/batch | loss 10.02 | recon 9.98 | kl 0.04 |
| epoch  3 | 35000/35093 batches | 26.05 ms/batch | loss 9.96 | recon 9.92 | kl 0.04 |
saving to checkpoint/ours-jsw-attn+pe/20231027-170745
---------------------------------------------------------------------------
| end of epoch  3 | time 933.48s | kl_weight 0.37 | vae_lr 1.00 | loss 8.58
| recon 8.55 | kl 0.02 | mi -0.01
---------------------------------------------------------------------------
| epoch  4 |  5000/35093 batches | 26.11 ms/batch | loss 9.94 | recon 9.90 | kl 0.03 |
| epoch  4 | 10000/35093 batches | 26.19 ms/batch | loss 9.93 | recon 9.89 | kl 0.03 |
| epoch  4 | 15000/35093 batches | 26.05 ms/batch | loss 9.89 | recon 9.86 | kl 0.04 |
| epoch  4 | 20000/35093 batches | 26.12 ms/batch | loss 9.99 | recon 9.96 | kl 0.04 |
| epoch  4 | 25000/35093 batches | 26.08 ms/batch | loss 9.95 | recon 9.92 | kl 0.04 |
| epoch  4 | 30000/35093 batches | 26.05 ms/batch | loss 9.98 | recon 9.95 | kl 0.04 |
| epoch  4 | 35000/35093 batches | 26.10 ms/batch | loss 10.00 | recon 9.96 | kl 0.04 |
---------------------------------------------------------------------------
| end of epoch  4 | time 932.49s | kl_weight 0.46 | vae_lr 1.00 | loss 8.93
| recon 8.89 | kl 0.05 | mi -0.01
---------------------------------------------------------------------------
| epoch  5 |  5000/35093 batches | 26.18 ms/batch | loss 9.95 | recon 9.91 | kl 0.04 |
| epoch  5 | 10000/35093 batches | 26.07 ms/batch | loss 9.90 | recon 9.87 | kl 0.04 |
| epoch  5 | 15000/35093 batches | 26.04 ms/batch | loss 9.91 | recon 9.87 | kl 0.04 |
| epoch  5 | 20000/35093 batches | 26.10 ms/batch | loss 9.99 | recon 9.95 | kl 0.04 |
| epoch  5 | 25000/35093 batches | 26.15 ms/batch | loss 10.01 | recon 9.97 | kl 0.04 |
| epoch  5 | 30000/35093 batches | 26.13 ms/batch | loss 9.96 | recon 9.92 | kl 0.04 |
| epoch  5 | 35000/35093 batches | 26.14 ms/batch | loss 9.99 | recon 9.95 | kl 0.03 |
---------------------------------------------------------------------------
| end of epoch  5 | time 933.08s | kl_weight 0.55 | vae_lr 1.00 | loss 8.76
| recon 8.74 | kl 0.02 | mi 0.02
---------------------------------------------------------------------------
| epoch  6 |  5000/35093 batches | 26.09 ms/batch | loss 9.88 | recon 9.85 | kl 0.04 |
| epoch  6 | 10000/35093 batches | 26.09 ms/batch | loss 9.96 | recon 9.92 | kl 0.04 |
| epoch  6 | 15000/35093 batches | 26.09 ms/batch | loss 9.98 | recon 9.94 | kl 0.04 |
| epoch  6 | 20000/35093 batches | 26.13 ms/batch | loss 10.01 | recon 9.98 | kl 0.03 |
| epoch  6 | 25000/35093 batches | 26.09 ms/batch | loss 10.00 | recon 9.96 | kl 0.04 |
| epoch  6 | 30000/35093 batches | 26.03 ms/batch | loss 9.85 | recon 9.81 | kl 0.03 |
| epoch  6 | 35000/35093 batches | 26.03 ms/batch | loss 9.89 | recon 9.86 | kl 0.03 |
---------------------------------------------------------------------------
| end of epoch  6 | time 931.74s | kl_weight 0.64 | vae_lr 1.00 | loss 8.95
| recon 8.92 | kl 0.04 | mi -0.02
---------------------------------------------------------------------------
| epoch  7 |  5000/35093 batches | 26.04 ms/batch | loss 9.80 | recon 9.77 | kl 0.03 |
| epoch  7 | 10000/35093 batches | 26.12 ms/batch | loss 9.90 | recon 9.87 | kl 0.03 |
| epoch  7 | 15000/35093 batches | 26.04 ms/batch | loss 9.85 | recon 9.82 | kl 0.03 |
| epoch  7 | 20000/35093 batches | 26.07 ms/batch | loss 9.92 | recon 9.89 | kl 0.03 |
| epoch  7 | 25000/35093 batches | 26.04 ms/batch | loss 9.86 | recon 9.83 | kl 0.03 |
| epoch  7 | 30000/35093 batches | 26.08 ms/batch | loss 9.92 | recon 9.89 | kl 0.03 |
| epoch  7 | 35000/35093 batches | 26.03 ms/batch | loss 9.88 | recon 9.84 | kl 0.03 |
---------------------------------------------------------------------------
| end of epoch  7 | time 930.92s | kl_weight 0.73 | vae_lr 1.00 | loss 8.63
| recon 8.59 | kl 0.04 | mi -0.04
---------------------------------------------------------------------------
| epoch  8 |  5000/35093 batches | 26.02 ms/batch | loss 9.74 | recon 9.71 | kl 0.03 |
| epoch  8 | 10000/35093 batches | 26.03 ms/batch | loss 9.81 | recon 9.78 | kl 0.03 |
| epoch  8 | 15000/35093 batches | 26.08 ms/batch | loss 9.82 | recon 9.79 | kl 0.03 |
| epoch  8 | 20000/35093 batches | 26.07 ms/batch | loss 9.81 | recon 9.78 | kl 0.03 |
| epoch  8 | 25000/35093 batches | 26.12 ms/batch | loss 9.80 | recon 9.77 | kl 0.03 |
| epoch  8 | 30000/35093 batches | 26.05 ms/batch | loss 9.77 | recon 9.74 | kl 0.03 |
| epoch  8 | 35000/35093 batches | 25.97 ms/batch | loss 9.67 | recon 9.65 | kl 0.03 |
---------------------------------------------------------------------------
| end of epoch  8 | time 930.72s | kl_weight 0.82 | vae_lr 1.00 | loss 8.81
| recon 8.78 | kl 0.03 | mi -0.04
---------------------------------------------------------------------------
| epoch  9 |  5000/35093 batches | 26.07 ms/batch | loss 9.68 | recon 9.66 | kl 0.03 |
| epoch  9 | 10000/35093 batches | 26.06 ms/batch | loss 9.62 | recon 9.60 | kl 0.02 |
| epoch  9 | 15000/35093 batches | 26.03 ms/batch | loss 9.63 | recon 9.60 | kl 0.02 |
| epoch  9 | 20000/35093 batches | 25.99 ms/batch | loss 9.56 | recon 9.54 | kl 0.02 |
| epoch  9 | 25000/35093 batches | 26.07 ms/batch | loss 9.60 | recon 9.58 | kl 0.02 |
| epoch  9 | 30000/35093 batches | 26.01 ms/batch | loss 9.52 | recon 9.50 | kl 0.02 |
| epoch  9 | 35000/35093 batches | 26.09 ms/batch | loss 9.53 | recon 9.51 | kl 0.02 |
saving to checkpoint/ours-jsw-attn+pe/20231027-170745
---------------------------------------------------------------------------
| end of epoch  9 | time 932.12s | kl_weight 0.91 | vae_lr 1.00 | loss 8.56
| recon 8.54 | kl 0.02 | mi 0.03
---------------------------------------------------------------------------
| epoch 10 |  5000/35093 batches | 26.11 ms/batch | loss 9.46 | recon 9.44 | kl 0.02 |
| epoch 10 | 10000/35093 batches | 26.04 ms/batch | loss 9.46 | recon 9.43 | kl 0.02 |
| epoch 10 | 15000/35093 batches | 26.06 ms/batch | loss 9.40 | recon 9.38 | kl 0.02 |
| epoch 10 | 20000/35093 batches | 25.99 ms/batch | loss 9.34 | recon 9.32 | kl 0.02 |
| epoch 10 | 25000/35093 batches | 25.99 ms/batch | loss 9.34 | recon 9.32 | kl 0.02 |
| epoch 10 | 30000/35093 batches | 26.01 ms/batch | loss 9.35 | recon 9.33 | kl 0.02 |
| epoch 10 | 35000/35093 batches | 26.04 ms/batch | loss 9.34 | recon 9.32 | kl 0.02 |
saving to checkpoint/ours-jsw-attn+pe/20231027-170745
---------------------------------------------------------------------------
| end of epoch 10 | time 931.88s | kl_weight 1.00 | vae_lr 1.00 | loss 8.30
| recon 8.29 | kl 0.02 | mi -0.02
---------------------------------------------------------------------------
| epoch 11 |  5000/35093 batches | 26.08 ms/batch | loss 9.27 | recon 9.25 | kl 0.02 |
| epoch 11 | 10000/35093 batches | 26.10 ms/batch | loss 9.25 | recon 9.23 | kl 0.02 |
| epoch 11 | 15000/35093 batches | 26.07 ms/batch | loss 9.23 | recon 9.21 | kl 0.02 |
| epoch 11 | 20000/35093 batches | 26.03 ms/batch | loss 9.23 | recon 9.21 | kl 0.02 |
| epoch 11 | 25000/35093 batches | 26.09 ms/batch | loss 9.29 | recon 9.27 | kl 0.02 |
| epoch 11 | 30000/35093 batches | 26.09 ms/batch | loss 9.20 | recon 9.18 | kl 0.02 |
| epoch 11 | 35000/35093 batches | 26.03 ms/batch | loss 9.14 | recon 9.12 | kl 0.02 |
saving to checkpoint/ours-jsw-attn+pe/20231027-170745
---------------------------------------------------------------------------
| end of epoch 11 | time 933.07s | kl_weight 1.00 | vae_lr 1.00 | loss 8.18
| recon 8.17 | kl 0.01 | mi 0.01
---------------------------------------------------------------------------
| epoch 12 |  5000/35093 batches | 26.07 ms/batch | loss 9.11 | recon 9.09 | kl 0.02 |
| epoch 12 | 10000/35093 batches | 26.06 ms/batch | loss 9.13 | recon 9.11 | kl 0.02 |
| epoch 12 | 15000/35093 batches | 26.02 ms/batch | loss 9.10 | recon 9.08 | kl 0.02 |
| epoch 12 | 20000/35093 batches | 26.06 ms/batch | loss 9.13 | recon 9.12 | kl 0.02 |
| epoch 12 | 25000/35093 batches | 26.08 ms/batch | loss 9.07 | recon 9.05 | kl 0.02 |
| epoch 12 | 30000/35093 batches | 26.02 ms/batch | loss 9.06 | recon 9.04 | kl 0.02 |
| epoch 12 | 35000/35093 batches | 26.06 ms/batch | loss 9.09 | recon 9.07 | kl 0.02 |
saving to checkpoint/ours-jsw-attn+pe/20231027-170745
---------------------------------------------------------------------------
| end of epoch 12 | time 932.39s | kl_weight 1.00 | vae_lr 1.00 | loss 8.07
| recon 8.05 | kl 0.02 | mi 0.00
---------------------------------------------------------------------------
| epoch 13 |  5000/35093 batches | 25.96 ms/batch | loss 8.92 | recon 8.90 | kl 0.02 |
| epoch 13 | 10000/35093 batches | 25.98 ms/batch | loss 9.02 | recon 9.00 | kl 0.02 |
| epoch 13 | 15000/35093 batches | 26.03 ms/batch | loss 8.98 | recon 8.96 | kl 0.02 |
| epoch 13 | 20000/35093 batches | 26.01 ms/batch | loss 9.03 | recon 9.02 | kl 0.02 |
| epoch 13 | 25000/35093 batches | 26.04 ms/batch | loss 9.04 | recon 9.02 | kl 0.02 |
| epoch 13 | 30000/35093 batches | 26.07 ms/batch | loss 9.05 | recon 9.04 | kl 0.02 |
| epoch 13 | 35000/35093 batches | 26.12 ms/batch | loss 9.12 | recon 9.11 | kl 0.02 |
saving to checkpoint/ours-jsw-attn+pe/20231027-170745
---------------------------------------------------------------------------
| end of epoch 13 | time 931.59s | kl_weight 1.00 | vae_lr 1.00 | loss 8.05
| recon 8.03 | kl 0.02 | mi 0.02
---------------------------------------------------------------------------
| epoch 14 |  5000/35093 batches | 26.01 ms/batch | loss 8.93 | recon 8.91 | kl 0.02 |
| epoch 14 | 10000/35093 batches | 26.08 ms/batch | loss 9.01 | recon 9.00 | kl 0.02 |
| epoch 14 | 15000/35093 batches | 26.09 ms/batch | loss 9.01 | recon 9.00 | kl 0.02 |
| epoch 14 | 20000/35093 batches | 26.10 ms/batch | loss 9.00 | recon 8.99 | kl 0.02 |
| epoch 14 | 25000/35093 batches | 26.07 ms/batch | loss 9.02 | recon 9.00 | kl 0.02 |
| epoch 14 | 30000/35093 batches | 26.07 ms/batch | loss 9.03 | recon 9.01 | kl 0.02 |
| epoch 14 | 35000/35093 batches | 26.06 ms/batch | loss 9.03 | recon 9.02 | kl 0.02 |
saving to checkpoint/ours-jsw-attn+pe/20231027-170745
---------------------------------------------------------------------------
| end of epoch 14 | time 932.83s | kl_weight 1.00 | vae_lr 1.00 | loss 7.97
| recon 7.96 | kl 0.01 | mi 0.03
---------------------------------------------------------------------------
| epoch 15 |  5000/35093 batches | 26.13 ms/batch | loss 8.94 | recon 8.92 | kl 0.02 |
| epoch 15 | 10000/35093 batches | 26.08 ms/batch | loss 8.98 | recon 8.97 | kl 0.02 |
| epoch 15 | 15000/35093 batches | 26.06 ms/batch | loss 8.97 | recon 8.95 | kl 0.02 |
| epoch 15 | 20000/35093 batches | 25.95 ms/batch | loss 8.92 | recon 8.90 | kl 0.02 |
| epoch 15 | 25000/35093 batches | 26.07 ms/batch | loss 9.01 | recon 9.00 | kl 0.02 |
| epoch 15 | 30000/35093 batches | 26.07 ms/batch | loss 9.05 | recon 9.03 | kl 0.02 |
| epoch 15 | 35000/35093 batches | 26.00 ms/batch | loss 8.94 | recon 8.92 | kl 0.02 |
saving to checkpoint/ours-jsw-attn+pe/20231027-170745
---------------------------------------------------------------------------
| end of epoch 15 | time 932.27s | kl_weight 1.00 | vae_lr 1.00 | loss 7.91
| recon 7.90 | kl 0.01 | mi 0.03
---------------------------------------------------------------------------
| epoch 16 |  5000/35093 batches | 26.15 ms/batch | loss 8.95 | recon 8.93 | kl 0.02 |
| epoch 16 | 10000/35093 batches | 26.04 ms/batch | loss 8.93 | recon 8.91 | kl 0.02 |
| epoch 16 | 15000/35093 batches | 26.06 ms/batch | loss 8.91 | recon 8.90 | kl 0.02 |
| epoch 16 | 20000/35093 batches | 26.03 ms/batch | loss 8.93 | recon 8.92 | kl 0.02 |
| epoch 16 | 25000/35093 batches | 26.05 ms/batch | loss 8.90 | recon 8.89 | kl 0.02 |
| epoch 16 | 30000/35093 batches | 26.05 ms/batch | loss 8.91 | recon 8.89 | kl 0.02 |
| epoch 16 | 35000/35093 batches | 26.13 ms/batch | loss 8.94 | recon 8.92 | kl 0.02 |
---------------------------------------------------------------------------
| end of epoch 16 | time 932.91s | kl_weight 1.00 | vae_lr 0.80 | loss 7.94
| recon 7.92 | kl 0.01 | mi 0.02
---------------------------------------------------------------------------
| epoch 17 |  5000/35093 batches | 26.05 ms/batch | loss 8.79 | recon 8.77 | kl 0.02 |
| epoch 17 | 10000/35093 batches | 26.06 ms/batch | loss 8.84 | recon 8.82 | kl 0.02 |
| epoch 17 | 15000/35093 batches | 26.04 ms/batch | loss 8.72 | recon 8.70 | kl 0.01 |
| epoch 17 | 20000/35093 batches | 26.00 ms/batch | loss 8.77 | recon 8.75 | kl 0.01 |
| epoch 17 | 25000/35093 batches | 26.01 ms/batch | loss 8.77 | recon 8.75 | kl 0.01 |
| epoch 17 | 30000/35093 batches | 26.20 ms/batch | loss 8.80 | recon 8.79 | kl 0.01 |
| epoch 17 | 35000/35093 batches | 26.02 ms/batch | loss 8.74 | recon 8.72 | kl 0.01 |
---------------------------------------------------------------------------
| end of epoch 17 | time 931.52s | kl_weight 1.00 | vae_lr 0.40 | loss 8.12
| recon 8.11 | kl 0.01 | mi -0.03
---------------------------------------------------------------------------
| epoch 18 |  5000/35093 batches | 26.09 ms/batch | loss 8.58 | recon 8.56 | kl 0.01 |
| epoch 18 | 10000/35093 batches | 26.06 ms/batch | loss 8.51 | recon 8.50 | kl 0.01 |
| epoch 18 | 15000/35093 batches | 26.05 ms/batch | loss 8.47 | recon 8.45 | kl 0.01 |
| epoch 18 | 20000/35093 batches | 26.05 ms/batch | loss 8.48 | recon 8.46 | kl 0.01 |
| epoch 18 | 25000/35093 batches | 26.12 ms/batch | loss 8.44 | recon 8.43 | kl 0.01 |
| epoch 18 | 30000/35093 batches | 26.12 ms/batch | loss 8.44 | recon 8.43 | kl 0.01 |
| epoch 18 | 35000/35093 batches | 26.06 ms/batch | loss 8.43 | recon 8.42 | kl 0.01 |
saving to checkpoint/ours-jsw-attn+pe/20231027-170745
---------------------------------------------------------------------------
| end of epoch 18 | time 933.29s | kl_weight 1.00 | vae_lr 0.40 | loss 7.67
| recon 7.67 | kl 0.01 | mi 0.01
---------------------------------------------------------------------------
| epoch 19 |  5000/35093 batches | 26.06 ms/batch | loss 8.35 | recon 8.34 | kl 0.01 |
| epoch 19 | 10000/35093 batches | 26.05 ms/batch | loss 8.32 | recon 8.31 | kl 0.01 |
| epoch 19 | 15000/35093 batches | 26.12 ms/batch | loss 8.37 | recon 8.36 | kl 0.01 |
| epoch 19 | 20000/35093 batches | 26.12 ms/batch | loss 8.35 | recon 8.34 | kl 0.01 |
| epoch 19 | 25000/35093 batches | 26.08 ms/batch | loss 8.38 | recon 8.37 | kl 0.01 |
| epoch 19 | 30000/35093 batches | 26.05 ms/batch | loss 8.31 | recon 8.30 | kl 0.01 |
| epoch 19 | 35000/35093 batches | 26.06 ms/batch | loss 8.34 | recon 8.33 | kl 0.01 |
saving to checkpoint/ours-jsw-attn+pe/20231027-170745
---------------------------------------------------------------------------
| end of epoch 19 | time 933.21s | kl_weight 1.00 | vae_lr 0.40 | loss 7.67
| recon 7.66 | kl 0.00 | mi 0.04
---------------------------------------------------------------------------
| epoch 20 |  5000/35093 batches | 26.05 ms/batch | loss 8.26 | recon 8.25 | kl 0.01 |
| epoch 20 | 10000/35093 batches | 26.08 ms/batch | loss 8.30 | recon 8.29 | kl 0.01 |
| epoch 20 | 15000/35093 batches | 26.08 ms/batch | loss 8.31 | recon 8.30 | kl 0.01 |
| epoch 20 | 20000/35093 batches | 26.02 ms/batch | loss 8.24 | recon 8.23 | kl 0.01 |
| epoch 20 | 25000/35093 batches | 26.10 ms/batch | loss 8.29 | recon 8.28 | kl 0.01 |
| epoch 20 | 30000/35093 batches | 26.06 ms/batch | loss 8.24 | recon 8.23 | kl 0.01 |
| epoch 20 | 35000/35093 batches | 26.09 ms/batch | loss 8.30 | recon 8.29 | kl 0.01 |
saving to checkpoint/ours-jsw-attn+pe/20231027-170745
---------------------------------------------------------------------------
| end of epoch 20 | time 932.97s | kl_weight 1.00 | vae_lr 0.40 | loss 7.63
| recon 7.62 | kl 0.01 | mi -0.07
---------------------------------------------------------------------------
| epoch 21 |  5000/35093 batches | 26.17 ms/batch | loss 8.20 | recon 8.19 | kl 0.01 |
| epoch 21 | 10000/35093 batches | 26.13 ms/batch | loss 8.21 | recon 8.20 | kl 0.01 |
| epoch 21 | 15000/35093 batches | 26.12 ms/batch | loss 8.23 | recon 8.22 | kl 0.01 |
| epoch 21 | 20000/35093 batches | 26.12 ms/batch | loss 8.19 | recon 8.18 | kl 0.01 |
| epoch 21 | 25000/35093 batches | 26.08 ms/batch | loss 8.20 | recon 8.19 | kl 0.01 |
| epoch 21 | 30000/35093 batches | 26.12 ms/batch | loss 8.18 | recon 8.17 | kl 0.01 |
| epoch 21 | 35000/35093 batches | 26.16 ms/batch | loss 8.25 | recon 8.24 | kl 0.01 |
saving to checkpoint/ours-jsw-attn+pe/20231027-170745
---------------------------------------------------------------------------
| end of epoch 21 | time 935.07s | kl_weight 1.00 | vae_lr 0.40 | loss 7.52
| recon 7.51 | kl 0.01 | mi -0.03
---------------------------------------------------------------------------
| epoch 22 |  5000/35093 batches | 26.08 ms/batch | loss 8.12 | recon 8.11 | kl 0.01 |
| epoch 22 | 10000/35093 batches | 26.01 ms/batch | loss 8.14 | recon 8.13 | kl 0.01 |
| epoch 22 | 15000/35093 batches | 26.07 ms/batch | loss 8.10 | recon 8.09 | kl 0.01 |
| epoch 22 | 20000/35093 batches | 26.03 ms/batch | loss 8.12 | recon 8.11 | kl 0.01 |
| epoch 22 | 25000/35093 batches | 26.11 ms/batch | loss 8.19 | recon 8.18 | kl 0.01 |
| epoch 22 | 30000/35093 batches | 26.07 ms/batch | loss 8.14 | recon 8.13 | kl 0.01 |
| epoch 22 | 35000/35093 batches | 26.03 ms/batch | loss 8.17 | recon 8.16 | kl 0.01 |
---------------------------------------------------------------------------
| end of epoch 22 | time 932.10s | kl_weight 1.00 | vae_lr 0.32 | loss 7.60
| recon 7.58 | kl 0.02 | mi 0.00
---------------------------------------------------------------------------
| epoch 23 |  5000/35093 batches | 26.04 ms/batch | loss 8.03 | recon 8.02 | kl 0.01 |
| epoch 23 | 10000/35093 batches | 26.05 ms/batch | loss 8.05 | recon 8.04 | kl 0.01 |
| epoch 23 | 15000/35093 batches | 26.08 ms/batch | loss 8.11 | recon 8.10 | kl 0.01 |
| epoch 23 | 20000/35093 batches | 26.09 ms/batch | loss 8.13 | recon 8.12 | kl 0.01 |
| epoch 23 | 25000/35093 batches | 26.07 ms/batch | loss 8.07 | recon 8.07 | kl 0.01 |
| epoch 23 | 30000/35093 batches | 26.02 ms/batch | loss 8.05 | recon 8.04 | kl 0.01 |
| epoch 23 | 35000/35093 batches | 26.11 ms/batch | loss 8.11 | recon 8.10 | kl 0.01 |
saving to checkpoint/ours-jsw-attn+pe/20231027-170745
---------------------------------------------------------------------------
| end of epoch 23 | time 932.78s | kl_weight 1.00 | vae_lr 0.32 | loss 7.47
| recon 7.46 | kl 0.01 | mi -0.04
---------------------------------------------------------------------------
| epoch 24 |  5000/35093 batches | 26.09 ms/batch | loss 8.01 | recon 8.00 | kl 0.01 |
| epoch 24 | 10000/35093 batches | 26.13 ms/batch | loss 8.07 | recon 8.06 | kl 0.01 |
| epoch 24 | 15000/35093 batches | 26.02 ms/batch | loss 8.00 | recon 7.99 | kl 0.01 |
| epoch 24 | 20000/35093 batches | 26.05 ms/batch | loss 7.98 | recon 7.97 | kl 0.01 |
| epoch 24 | 25000/35093 batches | 26.01 ms/batch | loss 7.99 | recon 7.99 | kl 0.01 |
| epoch 24 | 30000/35093 batches | 26.10 ms/batch | loss 8.06 | recon 8.05 | kl 0.01 |
| epoch 24 | 35000/35093 batches | 26.03 ms/batch | loss 8.06 | recon 8.05 | kl 0.01 |
saving to checkpoint/ours-jsw-attn+pe/20231027-170745
---------------------------------------------------------------------------
| end of epoch 24 | time 932.65s | kl_weight 1.00 | vae_lr 0.32 | loss 7.39
| recon 7.39 | kl 0.01 | mi -0.01
---------------------------------------------------------------------------
| epoch 25 |  5000/35093 batches | 26.11 ms/batch | loss 7.98 | recon 7.97 | kl 0.01 |
| epoch 25 | 10000/35093 batches | 26.03 ms/batch | loss 7.94 | recon 7.93 | kl 0.01 |
| epoch 25 | 15000/35093 batches | 26.10 ms/batch | loss 7.99 | recon 7.98 | kl 0.01 |
| epoch 25 | 20000/35093 batches | 26.04 ms/batch | loss 7.95 | recon 7.95 | kl 0.01 |
| epoch 25 | 25000/35093 batches | 26.13 ms/batch | loss 8.05 | recon 8.04 | kl 0.01 |
| epoch 25 | 30000/35093 batches | 26.07 ms/batch | loss 7.96 | recon 7.96 | kl 0.01 |
| epoch 25 | 35000/35093 batches | 26.06 ms/batch | loss 8.00 | recon 7.99 | kl 0.01 |
---------------------------------------------------------------------------
| end of epoch 25 | time 932.13s | kl_weight 1.00 | vae_lr 0.26 | loss 7.40
| recon 7.40 | kl 0.01 | mi 0.05
---------------------------------------------------------------------------
| epoch 26 |  5000/35093 batches | 26.05 ms/batch | loss 7.91 | recon 7.90 | kl 0.01 |
| epoch 26 | 10000/35093 batches | 26.07 ms/batch | loss 7.91 | recon 7.91 | kl 0.01 |
| epoch 26 | 15000/35093 batches | 26.13 ms/batch | loss 7.98 | recon 7.98 | kl 0.01 |
| epoch 26 | 20000/35093 batches | 26.12 ms/batch | loss 7.92 | recon 7.91 | kl 0.01 |
| epoch 26 | 25000/35093 batches | 26.01 ms/batch | loss 7.86 | recon 7.85 | kl 0.01 |
| epoch 26 | 30000/35093 batches | 26.06 ms/batch | loss 7.89 | recon 7.89 | kl 0.01 |
| epoch 26 | 35000/35093 batches | 26.05 ms/batch | loss 7.91 | recon 7.90 | kl 0.01 |
saving to checkpoint/ours-jsw-attn+pe/20231027-170745
---------------------------------------------------------------------------
| end of epoch 26 | time 932.98s | kl_weight 1.00 | vae_lr 0.26 | loss 7.35
| recon 7.34 | kl 0.01 | mi -0.03
---------------------------------------------------------------------------
| epoch 27 |  5000/35093 batches | 26.08 ms/batch | loss 7.82 | recon 7.82 | kl 0.01 |
| epoch 27 | 10000/35093 batches | 26.06 ms/batch | loss 7.88 | recon 7.87 | kl 0.01 |
| epoch 27 | 15000/35093 batches | 26.02 ms/batch | loss 7.84 | recon 7.84 | kl 0.01 |
| epoch 27 | 20000/35093 batches | 26.01 ms/batch | loss 7.85 | recon 7.84 | kl 0.01 |
| epoch 27 | 25000/35093 batches | 26.03 ms/batch | loss 7.90 | recon 7.89 | kl 0.01 |
| epoch 27 | 30000/35093 batches | 26.08 ms/batch | loss 7.89 | recon 7.89 | kl 0.01 |
| epoch 27 | 35000/35093 batches | 26.09 ms/batch | loss 7.86 | recon 7.85 | kl 0.01 |
---------------------------------------------------------------------------
| end of epoch 27 | time 931.72s | kl_weight 1.00 | vae_lr 0.20 | loss 7.40
| recon 7.39 | kl 0.00 | mi 0.04
---------------------------------------------------------------------------
| epoch 28 |  5000/35093 batches | 26.08 ms/batch | loss 7.78 | recon 7.78 | kl 0.01 |
| epoch 28 | 10000/35093 batches | 26.09 ms/batch | loss 7.86 | recon 7.85 | kl 0.01 |
| epoch 28 | 15000/35093 batches | 26.04 ms/batch | loss 7.82 | recon 7.81 | kl 0.01 |
| epoch 28 | 20000/35093 batches | 26.10 ms/batch | loss 7.82 | recon 7.82 | kl 0.01 |
| epoch 28 | 25000/35093 batches | 26.11 ms/batch | loss 7.83 | recon 7.83 | kl 0.01 |
| epoch 28 | 30000/35093 batches | 26.09 ms/batch | loss 7.82 | recon 7.81 | kl 0.01 |
| epoch 28 | 35000/35093 batches | 26.04 ms/batch | loss 7.84 | recon 7.83 | kl 0.01 |
saving to checkpoint/ours-jsw-attn+pe/20231027-170745
---------------------------------------------------------------------------
| end of epoch 28 | time 933.30s | kl_weight 1.00 | vae_lr 0.20 | loss 7.33
| recon 7.33 | kl 0.00 | mi 0.04
---------------------------------------------------------------------------
| epoch 29 |  5000/35093 batches | 26.08 ms/batch | loss 7.71 | recon 7.70 | kl 0.01 |
| epoch 29 | 10000/35093 batches | 26.12 ms/batch | loss 7.79 | recon 7.78 | kl 0.01 |
| epoch 29 | 15000/35093 batches | 26.07 ms/batch | loss 7.77 | recon 7.77 | kl 0.01 |
| epoch 29 | 20000/35093 batches | 26.13 ms/batch | loss 7.80 | recon 7.79 | kl 0.01 |
| epoch 29 | 25000/35093 batches | 26.07 ms/batch | loss 7.79 | recon 7.78 | kl 0.01 |
| epoch 29 | 30000/35093 batches | 26.02 ms/batch | loss 7.76 | recon 7.75 | kl 0.01 |
| epoch 29 | 35000/35093 batches | 26.05 ms/batch | loss 7.78 | recon 7.77 | kl 0.01 |
saving to checkpoint/ours-jsw-attn+pe/20231027-170745
---------------------------------------------------------------------------
| end of epoch 29 | time 933.24s | kl_weight 1.00 | vae_lr 0.20 | loss 7.28
| recon 7.27 | kl 0.01 | mi 0.01
---------------------------------------------------------------------------
| epoch 30 |  5000/35093 batches | 26.09 ms/batch | loss 7.69 | recon 7.69 | kl 0.01 |
| epoch 30 | 10000/35093 batches | 26.08 ms/batch | loss 7.72 | recon 7.71 | kl 0.01 |
| epoch 30 | 15000/35093 batches | 26.18 ms/batch | loss 7.77 | recon 7.76 | kl 0.01 |
| epoch 30 | 20000/35093 batches | 26.03 ms/batch | loss 7.69 | recon 7.69 | kl 0.01 |
| epoch 30 | 25000/35093 batches | 26.06 ms/batch | loss 7.74 | recon 7.73 | kl 0.01 |
| epoch 30 | 30000/35093 batches | 26.04 ms/batch | loss 7.73 | recon 7.73 | kl 0.01 |
| epoch 30 | 35000/35093 batches | 26.09 ms/batch | loss 7.78 | recon 7.77 | kl 0.01 |
---------------------------------------------------------------------------
| end of epoch 30 | time 932.42s | kl_weight 1.00 | vae_lr 0.16 | loss 7.38
| recon 7.38 | kl 0.01 | mi -0.02
---------------------------------------------------------------------------
| epoch 31 |  5000/35093 batches | 26.04 ms/batch | loss 7.65 | recon 7.64 | kl 0.01 |
| epoch 31 | 10000/35093 batches | 26.06 ms/batch | loss 7.64 | recon 7.64 | kl 0.01 |
| epoch 31 | 15000/35093 batches | 26.05 ms/batch | loss 7.68 | recon 7.67 | kl 0.01 |
| epoch 31 | 20000/35093 batches | 26.04 ms/batch | loss 7.68 | recon 7.67 | kl 0.01 |
| epoch 31 | 25000/35093 batches | 26.09 ms/batch | loss 7.71 | recon 7.71 | kl 0.01 |
| epoch 31 | 30000/35093 batches | 26.08 ms/batch | loss 7.70 | recon 7.69 | kl 0.01 |
| epoch 31 | 35000/35093 batches | 26.11 ms/batch | loss 7.77 | recon 7.77 | kl 0.01 |
saving to checkpoint/ours-jsw-attn+pe/20231027-170745
---------------------------------------------------------------------------
| end of epoch 31 | time 932.90s | kl_weight 1.00 | vae_lr 0.16 | loss 7.23
| recon 7.22 | kl 0.01 | mi -0.02
---------------------------------------------------------------------------
| epoch 32 |  5000/35093 batches | 26.08 ms/batch | loss 7.63 | recon 7.62 | kl 0.01 |
| epoch 32 | 10000/35093 batches | 26.03 ms/batch | loss 7.62 | recon 7.62 | kl 0.01 |
| epoch 32 | 15000/35093 batches | 26.09 ms/batch | loss 7.65 | recon 7.64 | kl 0.01 |
| epoch 32 | 20000/35093 batches | 26.05 ms/batch | loss 7.66 | recon 7.65 | kl 0.01 |
| epoch 32 | 25000/35093 batches | 26.14 ms/batch | loss 7.70 | recon 7.69 | kl 0.01 |
| epoch 32 | 30000/35093 batches | 26.03 ms/batch | loss 7.67 | recon 7.66 | kl 0.01 |
| epoch 32 | 35000/35093 batches | 26.10 ms/batch | loss 7.67 | recon 7.66 | kl 0.01 |
saving to checkpoint/ours-jsw-attn+pe/20231027-170745
---------------------------------------------------------------------------
| end of epoch 32 | time 933.06s | kl_weight 1.00 | vae_lr 0.16 | loss 7.18
| recon 7.17 | kl 0.01 | mi 0.03
---------------------------------------------------------------------------
| epoch 33 |  5000/35093 batches | 26.06 ms/batch | loss 7.57 | recon 7.57 | kl 0.01 |
| epoch 33 | 10000/35093 batches | 26.07 ms/batch | loss 7.64 | recon 7.64 | kl 0.01 |
| epoch 33 | 15000/35093 batches | 26.10 ms/batch | loss 7.67 | recon 7.67 | kl 0.01 |
| epoch 33 | 20000/35093 batches | 26.07 ms/batch | loss 7.66 | recon 7.66 | kl 0.01 |
| epoch 33 | 25000/35093 batches | 26.09 ms/batch | loss 7.67 | recon 7.67 | kl 0.01 |
| epoch 33 | 30000/35093 batches | 26.16 ms/batch | loss 7.63 | recon 7.63 | kl 0.01 |
| epoch 33 | 35000/35093 batches | 25.99 ms/batch | loss 7.60 | recon 7.60 | kl 0.01 |
---------------------------------------------------------------------------
| end of epoch 33 | time 932.14s | kl_weight 1.00 | vae_lr 0.13 | loss 7.18
| recon 7.18 | kl 0.00 | mi -0.06
---------------------------------------------------------------------------
| epoch 34 |  5000/35093 batches | 26.03 ms/batch | loss 7.54 | recon 7.54 | kl 0.01 |
| epoch 34 | 10000/35093 batches | 26.00 ms/batch | loss 7.56 | recon 7.56 | kl 0.01 |
| epoch 34 | 15000/35093 batches | 26.03 ms/batch | loss 7.60 | recon 7.60 | kl 0.01 |
| epoch 34 | 20000/35093 batches | 26.05 ms/batch | loss 7.59 | recon 7.58 | kl 0.01 |
| epoch 34 | 25000/35093 batches | 26.08 ms/batch | loss 7.61 | recon 7.61 | kl 0.01 |
| epoch 34 | 30000/35093 batches | 26.10 ms/batch | loss 7.63 | recon 7.63 | kl 0.01 |
| epoch 34 | 35000/35093 batches | 26.08 ms/batch | loss 7.62 | recon 7.61 | kl 0.01 |
---------------------------------------------------------------------------
| end of epoch 34 | time 931.30s | kl_weight 1.00 | vae_lr 0.07 | loss 7.19
| recon 7.18 | kl 0.01 | mi -0.01
---------------------------------------------------------------------------
| epoch 35 |  5000/35093 batches | 26.10 ms/batch | loss 7.53 | recon 7.53 | kl 0.01 |
| epoch 35 | 10000/35093 batches | 26.06 ms/batch | loss 7.53 | recon 7.53 | kl 0.01 |
| epoch 35 | 15000/35093 batches | 26.06 ms/batch | loss 7.57 | recon 7.57 | kl 0.01 |
| epoch 35 | 20000/35093 batches | 26.12 ms/batch | loss 7.57 | recon 7.56 | kl 0.01 |
| epoch 35 | 25000/35093 batches | 26.02 ms/batch | loss 7.50 | recon 7.49 | kl 0.01 |
| epoch 35 | 30000/35093 batches | 26.04 ms/batch | loss 7.55 | recon 7.55 | kl 0.01 |
| epoch 35 | 35000/35093 batches | 26.11 ms/batch | loss 7.59 | recon 7.58 | kl 0.01 |
saving to checkpoint/ours-jsw-attn+pe/20231027-170745
---------------------------------------------------------------------------
| end of epoch 35 | time 933.14s | kl_weight 1.00 | vae_lr 0.07 | loss 7.13
| recon 7.12 | kl 0.01 | mi 0.02
---------------------------------------------------------------------------
| epoch 36 |  5000/35093 batches | 26.10 ms/batch | loss 7.49 | recon 7.49 | kl 0.01 |
| epoch 36 | 10000/35093 batches | 26.06 ms/batch | loss 7.51 | recon 7.50 | kl 0.01 |
| epoch 36 | 15000/35093 batches | 26.05 ms/batch | loss 7.48 | recon 7.47 | kl 0.01 |
| epoch 36 | 20000/35093 batches | 26.01 ms/batch | loss 7.53 | recon 7.52 | kl 0.01 |
| epoch 36 | 25000/35093 batches | 26.07 ms/batch | loss 7.50 | recon 7.49 | kl 0.01 |
| epoch 36 | 30000/35093 batches | 26.07 ms/batch | loss 7.51 | recon 7.51 | kl 0.01 |
| epoch 36 | 35000/35093 batches | 26.12 ms/batch | loss 7.56 | recon 7.56 | kl 0.01 |
---------------------------------------------------------------------------
| end of epoch 36 | time 931.89s | kl_weight 1.00 | vae_lr 0.05 | loss 7.14
| recon 7.13 | kl 0.01 | mi 0.08
---------------------------------------------------------------------------
| epoch 37 |  5000/35093 batches | 26.07 ms/batch | loss 7.47 | recon 7.46 | kl 0.01 |
| epoch 37 | 10000/35093 batches | 26.07 ms/batch | loss 7.51 | recon 7.50 | kl 0.01 |
| epoch 37 | 15000/35093 batches | 26.05 ms/batch | loss 7.50 | recon 7.50 | kl 0.01 |
| epoch 37 | 20000/35093 batches | 26.09 ms/batch | loss 7.52 | recon 7.52 | kl 0.01 |
| epoch 37 | 25000/35093 batches | 26.05 ms/batch | loss 7.47 | recon 7.46 | kl 0.01 |
| epoch 37 | 30000/35093 batches | 26.09 ms/batch | loss 7.52 | recon 7.52 | kl 0.01 |
| epoch 37 | 35000/35093 batches | 26.15 ms/batch | loss 7.50 | recon 7.49 | kl 0.01 |
saving to checkpoint/ours-jsw-attn+pe/20231027-170745
---------------------------------------------------------------------------
| end of epoch 37 | time 933.42s | kl_weight 1.00 | vae_lr 0.05 | loss 7.08
| recon 7.08 | kl 0.00 | mi -0.02
---------------------------------------------------------------------------
| epoch 38 |  5000/35093 batches | 26.08 ms/batch | loss 7.41 | recon 7.41 | kl 0.01 |
| epoch 38 | 10000/35093 batches | 26.08 ms/batch | loss 7.48 | recon 7.47 | kl 0.01 |
| epoch 38 | 15000/35093 batches | 26.09 ms/batch | loss 7.50 | recon 7.50 | kl 0.01 |
| epoch 38 | 20000/35093 batches | 26.00 ms/batch | loss 7.42 | recon 7.42 | kl 0.01 |
| epoch 38 | 25000/35093 batches | 26.00 ms/batch | loss 7.46 | recon 7.45 | kl 0.01 |
| epoch 38 | 30000/35093 batches | 26.16 ms/batch | loss 7.53 | recon 7.52 | kl 0.01 |
| epoch 38 | 35000/35093 batches | 26.08 ms/batch | loss 7.52 | recon 7.51 | kl 0.01 |
---------------------------------------------------------------------------
| end of epoch 38 | time 931.96s | kl_weight 1.00 | vae_lr 0.04 | loss 7.14
| recon 7.13 | kl 0.00 | mi 0.01
---------------------------------------------------------------------------
| epoch 39 |  5000/35093 batches | 26.05 ms/batch | loss 7.40 | recon 7.39 | kl 0.01 |
| epoch 39 | 10000/35093 batches | 26.07 ms/batch | loss 7.43 | recon 7.42 | kl 0.01 |
| epoch 39 | 15000/35093 batches | 26.15 ms/batch | loss 7.52 | recon 7.52 | kl 0.01 |
| epoch 39 | 20000/35093 batches | 26.08 ms/batch | loss 7.48 | recon 7.48 | kl 0.01 |
| epoch 39 | 25000/35093 batches | 26.16 ms/batch | loss 7.48 | recon 7.48 | kl 0.01 |
| epoch 39 | 30000/35093 batches | 26.09 ms/batch | loss 7.51 | recon 7.51 | kl 0.01 |
| epoch 39 | 35000/35093 batches | 26.10 ms/batch | loss 7.53 | recon 7.53 | kl 0.01 |
---------------------------------------------------------------------------
| end of epoch 39 | time 933.06s | kl_weight 1.00 | vae_lr 0.02 | loss 7.16
| recon 7.16 | kl 0.01 | mi -0.02
---------------------------------------------------------------------------
| epoch 40 |  5000/35093 batches | 26.09 ms/batch | loss 7.42 | recon 7.41 | kl 0.01 |
| epoch 40 | 10000/35093 batches | 26.05 ms/batch | loss 7.40 | recon 7.40 | kl 0.01 |
| epoch 40 | 15000/35093 batches | 26.04 ms/batch | loss 7.42 | recon 7.42 | kl 0.01 |
| epoch 40 | 20000/35093 batches | 26.16 ms/batch | loss 7.54 | recon 7.53 | kl 0.01 |
| epoch 40 | 25000/35093 batches | 26.13 ms/batch | loss 7.51 | recon 7.51 | kl 0.01 |
| epoch 40 | 30000/35093 batches | 26.06 ms/batch | loss 7.44 | recon 7.44 | kl 0.01 |
| epoch 40 | 35000/35093 batches | 26.09 ms/batch | loss 7.50 | recon 7.50 | kl 0.01 |
saving to checkpoint/ours-jsw-attn+pe/20231027-170745
---------------------------------------------------------------------------
| end of epoch 40 | time 933.69s | kl_weight 1.00 | vae_lr 0.02 | loss 7.05
| recon 7.04 | kl 0.00 | mi -0.03
---------------------------------------------------------------------------
| epoch 41 |  5000/35093 batches | 26.13 ms/batch | loss 7.47 | recon 7.46 | kl 0.01 |
| epoch 41 | 10000/35093 batches | 26.06 ms/batch | loss 7.43 | recon 7.42 | kl 0.01 |
| epoch 41 | 15000/35093 batches | 26.09 ms/batch | loss 7.44 | recon 7.43 | kl 0.01 |
| epoch 41 | 20000/35093 batches | 26.11 ms/batch | loss 7.46 | recon 7.45 | kl 0.01 |
| epoch 41 | 25000/35093 batches | 26.09 ms/batch | loss 7.47 | recon 7.47 | kl 0.01 |
| epoch 41 | 30000/35093 batches | 26.07 ms/batch | loss 7.50 | recon 7.49 | kl 0.01 |
| epoch 41 | 35000/35093 batches | 26.02 ms/batch | loss 7.45 | recon 7.45 | kl 0.01 |
---------------------------------------------------------------------------
| end of epoch 41 | time 933.87s | kl_weight 1.00 | vae_lr 0.02 | loss 7.11
| recon 7.10 | kl 0.00 | mi -0.03
---------------------------------------------------------------------------
| epoch 42 |  5000/35093 batches | 26.12 ms/batch | loss 7.43 | recon 7.42 | kl 0.01 |
| epoch 42 | 10000/35093 batches | 26.18 ms/batch | loss 7.48 | recon 7.47 | kl 0.01 |
| epoch 42 | 15000/35093 batches | 26.10 ms/batch | loss 7.44 | recon 7.44 | kl 0.01 |
| epoch 42 | 20000/35093 batches | 26.09 ms/batch | loss 7.45 | recon 7.44 | kl 0.01 |
| epoch 42 | 25000/35093 batches | 26.09 ms/batch | loss 7.47 | recon 7.47 | kl 0.01 |
| epoch 42 | 30000/35093 batches | 26.08 ms/batch | loss 7.50 | recon 7.49 | kl 0.01 |
| epoch 42 | 35000/35093 batches | 26.08 ms/batch | loss 7.42 | recon 7.42 | kl 0.01 |
---------------------------------------------------------------------------
| end of epoch 42 | time 933.69s | kl_weight 1.00 | vae_lr 0.01 | loss 7.12
| recon 7.12 | kl 0.00 | mi -0.02
---------------------------------------------------------------------------
| epoch 43 |  5000/35093 batches | 26.18 ms/batch | loss 7.46 | recon 7.46 | kl 0.01 |
| epoch 43 | 10000/35093 batches | 26.14 ms/batch | loss 7.48 | recon 7.48 | kl 0.01 |
| epoch 43 | 15000/35093 batches | 26.05 ms/batch | loss 7.43 | recon 7.42 | kl 0.00 |
| epoch 43 | 20000/35093 batches | 26.04 ms/batch | loss 7.44 | recon 7.44 | kl 0.01 |
| epoch 43 | 25000/35093 batches | 26.06 ms/batch | loss 7.44 | recon 7.44 | kl 0.01 |
| epoch 43 | 30000/35093 batches | 26.01 ms/batch | loss 7.41 | recon 7.41 | kl 0.01 |
| epoch 43 | 35000/35093 batches | 26.07 ms/batch | loss 7.44 | recon 7.43 | kl 0.01 |
---------------------------------------------------------------------------
| end of epoch 43 | time 932.44s | kl_weight 1.00 | vae_lr 0.01 | loss 7.19
| recon 7.19 | kl 0.00 | mi -0.03
---------------------------------------------------------------------------
| epoch 44 |  5000/35093 batches | 26.09 ms/batch | loss 7.41 | recon 7.40 | kl 0.01 |
| epoch 44 | 10000/35093 batches | 26.09 ms/batch | loss 7.43 | recon 7.42 | kl 0.01 |
| epoch 44 | 15000/35093 batches | 26.09 ms/batch | loss 7.43 | recon 7.42 | kl 0.01 |
| epoch 44 | 20000/35093 batches | 26.03 ms/batch | loss 7.42 | recon 7.42 | kl 0.00 |
| epoch 44 | 25000/35093 batches | 26.07 ms/batch | loss 7.47 | recon 7.47 | kl 0.01 |
| epoch 44 | 30000/35093 batches | 26.19 ms/batch | loss 7.53 | recon 7.52 | kl 0.01 |
| epoch 44 | 35000/35093 batches | 26.04 ms/batch | loss 7.45 | recon 7.45 | kl 0.01 |
---------------------------------------------------------------------------
| end of epoch 44 | time 933.31s | kl_weight 1.00 | vae_lr 0.00 | loss 7.08
| recon 7.08 | kl 0.01 | mi 0.03
---------------------------------------------------------------------------
| epoch 45 |  5000/35093 batches | 26.05 ms/batch | loss 7.37 | recon 7.36 | kl 0.01 |
| epoch 45 | 10000/35093 batches | 26.12 ms/batch | loss 7.47 | recon 7.46 | kl 0.01 |
| epoch 45 | 15000/35093 batches | 26.12 ms/batch | loss 7.44 | recon 7.44 | kl 0.01 |
| epoch 45 | 20000/35093 batches | 26.05 ms/batch | loss 7.45 | recon 7.45 | kl 0.01 |
| epoch 45 | 25000/35093 batches | 26.16 ms/batch | loss 7.47 | recon 7.47 | kl 0.01 |
| epoch 45 | 30000/35093 batches | 26.05 ms/batch | loss 7.47 | recon 7.46 | kl 0.01 |
| epoch 45 | 35000/35093 batches | 26.03 ms/batch | loss 7.46 | recon 7.45 | kl 0.01 |
---------------------------------------------------------------------------
| end of epoch 45 | time 932.45s | kl_weight 1.00 | vae_lr 0.00 | loss 7.33
| recon 7.32 | kl 0.01 | mi -0.03
---------------------------------------------------------------------------
| epoch 46 |  5000/35093 batches | 26.11 ms/batch | loss 7.43 | recon 7.42 | kl 0.01 |
| epoch 46 | 10000/35093 batches | 26.14 ms/batch | loss 7.47 | recon 7.46 | kl 0.01 |
| epoch 46 | 15000/35093 batches | 26.13 ms/batch | loss 7.44 | recon 7.44 | kl 0.01 |
| epoch 46 | 20000/35093 batches | 26.08 ms/batch | loss 7.42 | recon 7.42 | kl 0.01 |
| epoch 46 | 25000/35093 batches | 26.06 ms/batch | loss 7.45 | recon 7.45 | kl 0.01 |
| epoch 46 | 30000/35093 batches | 26.06 ms/batch | loss 7.44 | recon 7.44 | kl 0.01 |
| epoch 46 | 35000/35093 batches | 26.07 ms/batch | loss 7.44 | recon 7.44 | kl 0.01 |
---------------------------------------------------------------------------
| end of epoch 46 | time 933.32s | kl_weight 1.00 | vae_lr 0.00 | loss 7.09
| recon 7.09 | kl 0.01 | mi -0.01
---------------------------------------------------------------------------
| epoch 47 |  5000/35093 batches | 26.10 ms/batch | loss 7.38 | recon 7.38 | kl 0.01 |
| epoch 47 | 10000/35093 batches | 26.09 ms/batch | loss 7.41 | recon 7.41 | kl 0.01 |
| epoch 47 | 15000/35093 batches | 26.10 ms/batch | loss 7.44 | recon 7.43 | kl 0.01 |
| epoch 47 | 20000/35093 batches | 26.08 ms/batch | loss 7.43 | recon 7.43 | kl 0.01 |
| epoch 47 | 25000/35093 batches | 26.05 ms/batch | loss 7.48 | recon 7.47 | kl 0.01 |
| epoch 47 | 30000/35093 batches | 26.11 ms/batch | loss 7.49 | recon 7.48 | kl 0.01 |
| epoch 47 | 35000/35093 batches | 26.09 ms/batch | loss 7.50 | recon 7.49 | kl 0.01 |
---------------------------------------------------------------------------
| end of epoch 47 | time 933.46s | kl_weight 1.00 | vae_lr 0.00 | loss 7.05
| recon 7.04 | kl 0.01 | mi -0.02
---------------------------------------------------------------------------
| epoch 48 |  5000/35093 batches | 26.14 ms/batch | loss 7.39 | recon 7.39 | kl 0.01 |
| epoch 48 | 10000/35093 batches | 26.02 ms/batch | loss 7.41 | recon 7.40 | kl 0.01 |
| epoch 48 | 15000/35093 batches | 26.06 ms/batch | loss 7.45 | recon 7.44 | kl 0.01 |
| epoch 48 | 20000/35093 batches | 26.09 ms/batch | loss 7.46 | recon 7.45 | kl 0.01 |
| epoch 48 | 25000/35093 batches | 26.07 ms/batch | loss 7.46 | recon 7.46 | kl 0.01 |
| epoch 48 | 30000/35093 batches | 26.09 ms/batch | loss 7.53 | recon 7.52 | kl 0.01 |
| epoch 48 | 35000/35093 batches | 26.11 ms/batch | loss 7.47 | recon 7.47 | kl 0.01 |
---------------------------------------------------------------------------
| end of epoch 48 | time 933.11s | kl_weight 1.00 | vae_lr 0.00 | loss 7.15
| recon 7.14 | kl 0.00 | mi -0.02
---------------------------------------------------------------------------
| epoch 49 |  5000/35093 batches | 26.11 ms/batch | loss 7.39 | recon 7.39 | kl 0.01 |
| epoch 49 | 10000/35093 batches | 26.06 ms/batch | loss 7.44 | recon 7.44 | kl 0.01 |
| epoch 49 | 15000/35093 batches | 26.07 ms/batch | loss 7.48 | recon 7.47 | kl 0.01 |
| epoch 49 | 20000/35093 batches | 26.05 ms/batch | loss 7.44 | recon 7.43 | kl 0.01 |
| epoch 49 | 25000/35093 batches | 26.04 ms/batch | loss 7.43 | recon 7.43 | kl 0.01 |
| epoch 49 | 30000/35093 batches | 26.17 ms/batch | loss 7.46 | recon 7.45 | kl 0.01 |
| epoch 49 | 35000/35093 batches | 26.08 ms/batch | loss 7.52 | recon 7.51 | kl 0.01 |
---------------------------------------------------------------------------
| end of epoch 49 | time 932.56s | kl_weight 1.00 | vae_lr 0.00 | loss 7.08
| recon 7.07 | kl 0.00 | mi -0.03
---------------------------------------------------------------------------
| epoch 50 |  5000/35093 batches | 26.00 ms/batch | loss 7.36 | recon 7.36 | kl 0.01 |
| epoch 50 | 10000/35093 batches | 26.09 ms/batch | loss 7.42 | recon 7.42 | kl 0.01 |
| epoch 50 | 15000/35093 batches | 26.06 ms/batch | loss 7.45 | recon 7.45 | kl 0.01 |
| epoch 50 | 20000/35093 batches | 26.12 ms/batch | loss 7.51 | recon 7.51 | kl 0.01 |
| epoch 50 | 25000/35093 batches | 26.11 ms/batch | loss 7.46 | recon 7.45 | kl 0.01 |
| epoch 50 | 30000/35093 batches | 26.02 ms/batch | loss 7.45 | recon 7.44 | kl 0.01 |
| epoch 50 | 35000/35093 batches | 26.10 ms/batch | loss 7.46 | recon 7.46 | kl 0.01 |
---------------------------------------------------------------------------
| end of epoch 50 | time 932.21s | kl_weight 1.00 | vae_lr 0.00 | loss 7.08
| recon 7.08 | kl 0.01 | mi 0.04
---------------------------------------------------------------------------
| epoch 51 |  5000/35093 batches | 26.09 ms/batch | loss 7.41 | recon 7.41 | kl 0.01 |
| epoch 51 | 10000/35093 batches | 26.06 ms/batch | loss 7.42 | recon 7.42 | kl 0.01 |
| epoch 51 | 15000/35093 batches | 26.04 ms/batch | loss 7.44 | recon 7.43 | kl 0.01 |
| epoch 51 | 20000/35093 batches | 26.17 ms/batch | loss 7.49 | recon 7.48 | kl 0.01 |
| epoch 51 | 25000/35093 batches | 26.02 ms/batch | loss 7.39 | recon 7.39 | kl 0.01 |
| epoch 51 | 30000/35093 batches | 26.10 ms/batch | loss 7.46 | recon 7.46 | kl 0.01 |
| epoch 51 | 35000/35093 batches | 26.11 ms/batch | loss 7.50 | recon 7.49 | kl 0.01 |
---------------------------------------------------------------------------
| end of epoch 51 | time 932.65s | kl_weight 1.00 | vae_lr 0.00 | loss 7.10
| recon 7.10 | kl 0.00 | mi 0.05
---------------------------------------------------------------------------
| epoch 52 |  5000/35093 batches | 26.06 ms/batch | loss 7.40 | recon 7.40 | kl 0.01 |
| epoch 52 | 10000/35093 batches | 26.04 ms/batch | loss 7.44 | recon 7.43 | kl 0.01 |
| epoch 52 | 15000/35093 batches | 26.10 ms/batch | loss 7.41 | recon 7.40 | kl 0.01 |
| epoch 52 | 20000/35093 batches | 26.11 ms/batch | loss 7.50 | recon 7.49 | kl 0.01 |
| epoch 52 | 25000/35093 batches | 26.07 ms/batch | loss 7.48 | recon 7.47 | kl 0.01 |
| epoch 52 | 30000/35093 batches | 26.06 ms/batch | loss 7.46 | recon 7.46 | kl 0.01 |
| epoch 52 | 35000/35093 batches | 26.05 ms/batch | loss 7.48 | recon 7.47 | kl 0.01 |
---------------------------------------------------------------------------
| end of epoch 52 | time 932.04s | kl_weight 1.00 | vae_lr 0.00 | loss 7.08
| recon 7.07 | kl 0.00 | mi 0.01
---------------------------------------------------------------------------
| epoch 53 |  5000/35093 batches | 26.11 ms/batch | loss 7.43 | recon 7.43 | kl 0.01 |
| epoch 53 | 10000/35093 batches | 26.18 ms/batch | loss 7.47 | recon 7.47 | kl 0.01 |
| epoch 53 | 15000/35093 batches | 26.06 ms/batch | loss 7.46 | recon 7.45 | kl 0.01 |
| epoch 53 | 20000/35093 batches | 26.04 ms/batch | loss 7.44 | recon 7.43 | kl 0.01 |
| epoch 53 | 25000/35093 batches | 26.06 ms/batch | loss 7.45 | recon 7.45 | kl 0.01 |
| epoch 53 | 30000/35093 batches | 26.06 ms/batch | loss 7.46 | recon 7.45 | kl 0.01 |
| epoch 53 | 35000/35093 batches | 26.04 ms/batch | loss 7.45 | recon 7.44 | kl 0.01 |
---------------------------------------------------------------------------
| end of epoch 53 | time 932.64s | kl_weight 1.00 | vae_lr 0.00 | loss 7.17
| recon 7.16 | kl 0.01 | mi -0.01
---------------------------------------------------------------------------
| epoch 54 |  5000/35093 batches | 26.11 ms/batch | loss 7.40 | recon 7.39 | kl 0.01 |
| epoch 54 | 10000/35093 batches | 26.03 ms/batch | loss 7.44 | recon 7.43 | kl 0.01 |
| epoch 54 | 15000/35093 batches | 26.14 ms/batch | loss 7.49 | recon 7.48 | kl 0.01 |
| epoch 54 | 20000/35093 batches | 26.09 ms/batch | loss 7.47 | recon 7.47 | kl 0.01 |
| epoch 54 | 25000/35093 batches | 26.04 ms/batch | loss 7.41 | recon 7.41 | kl 0.01 |
| epoch 54 | 30000/35093 batches | 26.04 ms/batch | loss 7.45 | recon 7.45 | kl 0.01 |
| epoch 54 | 35000/35093 batches | 26.08 ms/batch | loss 7.45 | recon 7.44 | kl 0.01 |
val loss : 7.0433900581308455
test loss: 10.133642435177867
test recon: 10.129404685267886
test kl: 0.004237749909980165
Traceback (most recent call last):
  File "/home/yoshioka20/nas02home/TG/CVAE-t-CWS/reconstract.py", line 8, in <module>
    import config_attn as config
ModuleNotFoundError: No module named 'config_attn'
Traceback (most recent call last):
  File "/home/yoshioka20/nas02home/TG/CVAE-t-CWS/reconstract.py", line 8, in <module>
    import config_attn as config
ModuleNotFoundError: No module named 'config_attn'
Traceback (most recent call last):
  File "/home/yoshioka20/nas02home/TG/CVAE-t-CWS/evaluate.py", line 354, in <module>
    main(args)
  File "/home/yoshioka20/nas02home/TG/CVAE-t-CWS/evaluate.py", line 117, in main
    eval_data = MonoTextData(target_pth, True, vocab=vocab, b_vocab=b_vocab)
  File "/nas02/homes/yoshioka20-1000032/TG/CVAE-t-CWS/utils/text_utils.py", line 143, in __init__
    ) = self._read_corpus(fname, label, max_length, vocab, b_vocab, ft)
  File "/nas02/homes/yoshioka20-1000032/TG/CVAE-t-CWS/utils/text_utils.py", line 156, in _read_corpus
    with open(fname) as fin:
FileNotFoundError: [Errno 2] No such file or directory: 'checkpoint/ours-jsw-attn+pe/20231027-170745/reconstracted_results.txt'
Traceback (most recent call last):
  File "/home/yoshioka20/nas02home/TG/CVAE-t-CWS/evaluate.py", line 354, in <module>
    main(args)
  File "/home/yoshioka20/nas02home/TG/CVAE-t-CWS/evaluate.py", line 117, in main
    eval_data = MonoTextData(target_pth, True, vocab=vocab, b_vocab=b_vocab)
  File "/nas02/homes/yoshioka20-1000032/TG/CVAE-t-CWS/utils/text_utils.py", line 143, in __init__
    ) = self._read_corpus(fname, label, max_length, vocab, b_vocab, ft)
  File "/nas02/homes/yoshioka20-1000032/TG/CVAE-t-CWS/utils/text_utils.py", line 156, in _read_corpus
    with open(fname) as fin:
FileNotFoundError: [Errno 2] No such file or directory: 'checkpoint/ours-jsw-attn+pe/20231027-170745/transfer_results.txt'
Traceback (most recent call last):
  File "/home/yoshioka20/nas02home/TG/CVAE-t-CWS/recon_to_pos.py", line 222, in <module>
    main(args)
  File "/home/yoshioka20/nas02home/TG/CVAE-t-CWS/recon_to_pos.py", line 92, in main
    with open(path, "r") as fin, open(
FileNotFoundError: [Errno 2] No such file or directory: 'checkpoint/ours-jsw-attn+pe/20231027-170745/transfer_results.txt'
Traceback (most recent call last):
  File "/home/yoshioka20/nas02home/TG/CVAE-t-CWS/recon_to_pos.py", line 222, in <module>
    main(args)
  File "/home/yoshioka20/nas02home/TG/CVAE-t-CWS/recon_to_pos.py", line 92, in main
    with open(path, "r") as fin, open(
FileNotFoundError: [Errno 2] No such file or directory: 'checkpoint/ours-jsw-attn+pe/20231027-170745/transfer_results.txt'
Traceback (most recent call last):
  File "/home/yoshioka20/nas02home/TG/CVAE-t-CWS/evaluate.py", line 354, in <module>
    main(args)
  File "/home/yoshioka20/nas02home/TG/CVAE-t-CWS/evaluate.py", line 126, in main
    eval_data = MonoTextData(
  File "/nas02/homes/yoshioka20-1000032/TG/CVAE-t-CWS/utils/text_utils.py", line 143, in __init__
    ) = self._read_corpus(fname, label, max_length, vocab, b_vocab, ft)
  File "/nas02/homes/yoshioka20-1000032/TG/CVAE-t-CWS/utils/text_utils.py", line 156, in _read_corpus
    with open(fname) as fin:
FileNotFoundError: [Errno 2] No such file or directory: 'checkpoint/ours-jsw-attn+pe/20231027-170745/transfer_results0_1.txt'
Traceback (most recent call last):
  File "/home/yoshioka20/nas02home/TG/CVAE-t-CWS/evaluate.py", line 354, in <module>
    main(args)
  File "/home/yoshioka20/nas02home/TG/CVAE-t-CWS/evaluate.py", line 119, in main
    eval_data = MonoTextData(
  File "/nas02/homes/yoshioka20-1000032/TG/CVAE-t-CWS/utils/text_utils.py", line 143, in __init__
    ) = self._read_corpus(fname, label, max_length, vocab, b_vocab, ft)
  File "/nas02/homes/yoshioka20-1000032/TG/CVAE-t-CWS/utils/text_utils.py", line 156, in _read_corpus
    with open(fname) as fin:
FileNotFoundError: [Errno 2] No such file or directory: 'checkpoint/ours-jsw-attn+pe/20231027-170745/transfer_results1_0.txt'
Traceback (most recent call last):
  File "/home/yoshioka20/nas02home/TG/CVAE-t-CWS/reconstract.py", line 8, in <module>
    import config_attn as config
ModuleNotFoundError: No module named 'config_attn'
Traceback (most recent call last):
  File "/home/yoshioka20/nas02home/TG/CVAE-t-CWS/reconstract.py", line 8, in <module>
    import config_attn as config
ModuleNotFoundError: No module named 'config_attn'
