Vocabulary size: 43405
Experiment dir: checkpoint/ours-jsw-attn+pe/20231113-214452
Vocabulary size: 43405
Maximum length: 15
Maximum length: 15
Maximum length: 15
| epoch  1 |  5000/35093 batches | 30.34 ms/batch | loss 39.62 | recon 39.58 | kl 0.04 |
| epoch  1 | 10000/35093 batches | 29.89 ms/batch | loss 16.21 | recon 16.18 | kl 0.03 |
| epoch  1 | 15000/35093 batches | 28.23 ms/batch | loss 12.30 | recon 12.27 | kl 0.03 |
| epoch  1 | 20000/35093 batches | 27.87 ms/batch | loss 11.00 | recon 10.98 | kl 0.02 |
| epoch  1 | 25000/35093 batches | 27.78 ms/batch | loss 10.36 | recon 10.33 | kl 0.02 |
| epoch  1 | 30000/35093 batches | 27.84 ms/batch | loss 10.13 | recon 10.10 | kl 0.03 |
| epoch  1 | 35000/35093 batches | 27.75 ms/batch | loss 9.88 | recon 9.85 | kl 0.03 |
saving to checkpoint/ours-jsw-attn+pe/20231113-214452
---------------------------------------------------------------------------
| end of epoch  1 | time 1020.38s | kl_weight 0.19 | vae_lr 1.00 | loss 9.11
| recon 9.09 | kl 0.02 | mi 0.01
---------------------------------------------------------------------------
| epoch  2 |  5000/35093 batches | 27.89 ms/batch | loss 9.70 | recon 9.67 | kl 0.03 |
| epoch  2 | 10000/35093 batches | 27.85 ms/batch | loss 9.63 | recon 9.60 | kl 0.03 |
| epoch  2 | 15000/35093 batches | 27.80 ms/batch | loss 9.56 | recon 9.53 | kl 0.03 |
| epoch  2 | 20000/35093 batches | 27.87 ms/batch | loss 9.57 | recon 9.54 | kl 0.03 |
| epoch  2 | 25000/35093 batches | 27.91 ms/batch | loss 9.59 | recon 9.55 | kl 0.03 |
| epoch  2 | 30000/35093 batches | 27.88 ms/batch | loss 9.48 | recon 9.45 | kl 0.03 |
| epoch  2 | 35000/35093 batches | 27.89 ms/batch | loss 9.46 | recon 9.42 | kl 0.04 |
saving to checkpoint/ours-jsw-attn+pe/20231113-214452
---------------------------------------------------------------------------
| end of epoch  2 | time 996.88s | kl_weight 0.28 | vae_lr 1.00 | loss 8.30
| recon 8.27 | kl 0.03 | mi -0.01
---------------------------------------------------------------------------
| epoch  3 |  5000/35093 batches | 27.87 ms/batch | loss 9.35 | recon 9.32 | kl 0.03 |
| epoch  3 | 10000/35093 batches | 27.82 ms/batch | loss 9.28 | recon 9.25 | kl 0.03 |
| epoch  3 | 15000/35093 batches | 27.83 ms/batch | loss 9.35 | recon 9.32 | kl 0.04 |
| epoch  3 | 20000/35093 batches | 27.79 ms/batch | loss 9.35 | recon 9.31 | kl 0.04 |
| epoch  3 | 25000/35093 batches | 27.78 ms/batch | loss 9.38 | recon 9.35 | kl 0.04 |
| epoch  3 | 30000/35093 batches | 27.85 ms/batch | loss 9.34 | recon 9.30 | kl 0.04 |
| epoch  3 | 35000/35093 batches | 27.89 ms/batch | loss 9.37 | recon 9.33 | kl 0.04 |
---------------------------------------------------------------------------
| end of epoch  3 | time 994.38s | kl_weight 0.37 | vae_lr 1.00 | loss 8.40
| recon 8.37 | kl 0.03 | mi -0.03
---------------------------------------------------------------------------
| epoch  4 |  5000/35093 batches | 27.87 ms/batch | loss 9.26 | recon 9.22 | kl 0.04 |
| epoch  4 | 10000/35093 batches | 27.88 ms/batch | loss 9.34 | recon 9.30 | kl 0.04 |
| epoch  4 | 15000/35093 batches | 27.97 ms/batch | loss 9.39 | recon 9.35 | kl 0.04 |
| epoch  4 | 20000/35093 batches | 27.83 ms/batch | loss 9.28 | recon 9.24 | kl 0.04 |
| epoch  4 | 25000/35093 batches | 27.84 ms/batch | loss 9.29 | recon 9.25 | kl 0.04 |
| epoch  4 | 30000/35093 batches | 27.86 ms/batch | loss 9.38 | recon 9.33 | kl 0.04 |
| epoch  4 | 35000/35093 batches | 27.87 ms/batch | loss 9.36 | recon 9.32 | kl 0.04 |
---------------------------------------------------------------------------
| end of epoch  4 | time 995.74s | kl_weight 0.46 | vae_lr 1.00 | loss 8.41
| recon 8.38 | kl 0.03 | mi 0.02
---------------------------------------------------------------------------
| epoch  5 |  5000/35093 batches | 27.90 ms/batch | loss 9.27 | recon 9.22 | kl 0.04 |
| epoch  5 | 10000/35093 batches | 27.85 ms/batch | loss 9.35 | recon 9.30 | kl 0.04 |
| epoch  5 | 15000/35093 batches | 27.83 ms/batch | loss 9.33 | recon 9.28 | kl 0.04 |
| epoch  5 | 20000/35093 batches | 27.69 ms/batch | loss 9.35 | recon 9.30 | kl 0.04 |
| epoch  5 | 25000/35093 batches | 27.80 ms/batch | loss 9.36 | recon 9.32 | kl 0.04 |
| epoch  5 | 30000/35093 batches | 27.83 ms/batch | loss 9.39 | recon 9.35 | kl 0.04 |
| epoch  5 | 35000/35093 batches | 27.85 ms/batch | loss 9.41 | recon 9.36 | kl 0.04 |
---------------------------------------------------------------------------
| end of epoch  5 | time 993.76s | kl_weight 0.55 | vae_lr 1.00 | loss 8.90
| recon 8.87 | kl 0.04 | mi -0.02
---------------------------------------------------------------------------
| epoch  6 |  5000/35093 batches | 27.85 ms/batch | loss 9.37 | recon 9.33 | kl 0.04 |
| epoch  6 | 10000/35093 batches | 27.85 ms/batch | loss 9.39 | recon 9.34 | kl 0.04 |
| epoch  6 | 15000/35093 batches | 27.80 ms/batch | loss 9.38 | recon 9.34 | kl 0.04 |
| epoch  6 | 20000/35093 batches | 27.76 ms/batch | loss 9.36 | recon 9.31 | kl 0.04 |
| epoch  6 | 25000/35093 batches | 27.74 ms/batch | loss 9.32 | recon 9.27 | kl 0.04 |
| epoch  6 | 30000/35093 batches | 27.79 ms/batch | loss 9.37 | recon 9.33 | kl 0.04 |
| epoch  6 | 35000/35093 batches | 27.84 ms/batch | loss 9.51 | recon 9.46 | kl 0.05 |
saving to checkpoint/ours-jsw-attn+pe/20231113-214452
---------------------------------------------------------------------------
| end of epoch  6 | time 994.62s | kl_weight 0.64 | vae_lr 1.00 | loss 8.25
| recon 8.21 | kl 0.04 | mi -0.01
---------------------------------------------------------------------------
| epoch  7 |  5000/35093 batches | 27.70 ms/batch | loss 9.28 | recon 9.23 | kl 0.04 |
| epoch  7 | 10000/35093 batches | 27.70 ms/batch | loss 9.33 | recon 9.29 | kl 0.04 |
| epoch  7 | 15000/35093 batches | 27.71 ms/batch | loss 9.43 | recon 9.38 | kl 0.04 |
| epoch  7 | 20000/35093 batches | 27.79 ms/batch | loss 9.40 | recon 9.36 | kl 0.04 |
| epoch  7 | 25000/35093 batches | 27.82 ms/batch | loss 9.38 | recon 9.33 | kl 0.04 |
| epoch  7 | 30000/35093 batches | 27.80 ms/batch | loss 9.33 | recon 9.29 | kl 0.04 |
| epoch  7 | 35000/35093 batches | 27.84 ms/batch | loss 9.38 | recon 9.34 | kl 0.04 |
---------------------------------------------------------------------------
| end of epoch  7 | time 991.86s | kl_weight 0.73 | vae_lr 1.00 | loss 8.37
| recon 8.33 | kl 0.04 | mi 0.01
---------------------------------------------------------------------------
| epoch  8 |  5000/35093 batches | 27.83 ms/batch | loss 9.35 | recon 9.31 | kl 0.04 |
| epoch  8 | 10000/35093 batches | 27.79 ms/batch | loss 9.33 | recon 9.29 | kl 0.04 |
| epoch  8 | 15000/35093 batches | 27.76 ms/batch | loss 9.32 | recon 9.28 | kl 0.04 |
| epoch  8 | 20000/35093 batches | 27.78 ms/batch | loss 9.33 | recon 9.29 | kl 0.04 |
| epoch  8 | 25000/35093 batches | 27.78 ms/batch | loss 9.33 | recon 9.30 | kl 0.04 |
| epoch  8 | 30000/35093 batches | 27.84 ms/batch | loss 9.29 | recon 9.25 | kl 0.04 |
| epoch  8 | 35000/35093 batches | 27.70 ms/batch | loss 9.21 | recon 9.17 | kl 0.04 |
---------------------------------------------------------------------------
| end of epoch  8 | time 992.39s | kl_weight 0.82 | vae_lr 1.00 | loss 8.43
| recon 8.41 | kl 0.02 | mi -0.01
---------------------------------------------------------------------------
| epoch  9 |  5000/35093 batches | 27.74 ms/batch | loss 9.18 | recon 9.14 | kl 0.04 |
| epoch  9 | 10000/35093 batches | 27.82 ms/batch | loss 9.16 | recon 9.13 | kl 0.03 |
| epoch  9 | 15000/35093 batches | 27.83 ms/batch | loss 9.09 | recon 9.06 | kl 0.03 |
| epoch  9 | 20000/35093 batches | 27.77 ms/batch | loss 9.12 | recon 9.08 | kl 0.03 |
| epoch  9 | 25000/35093 batches | 27.83 ms/batch | loss 9.10 | recon 9.07 | kl 0.03 |
| epoch  9 | 30000/35093 batches | 27.80 ms/batch | loss 9.13 | recon 9.10 | kl 0.03 |
| epoch  9 | 35000/35093 batches | 27.81 ms/batch | loss 9.08 | recon 9.05 | kl 0.03 |
saving to checkpoint/ours-jsw-attn+pe/20231113-214452
---------------------------------------------------------------------------
| end of epoch  9 | time 994.34s | kl_weight 0.91 | vae_lr 1.00 | loss 8.07
| recon 8.05 | kl 0.02 | mi -0.01
---------------------------------------------------------------------------
| epoch 10 |  5000/35093 batches | 27.78 ms/batch | loss 8.93 | recon 8.90 | kl 0.03 |
| epoch 10 | 10000/35093 batches | 27.80 ms/batch | loss 9.13 | recon 9.10 | kl 0.03 |
| epoch 10 | 15000/35093 batches | 27.72 ms/batch | loss 8.87 | recon 8.84 | kl 0.03 |
| epoch 10 | 20000/35093 batches | 27.69 ms/batch | loss 8.92 | recon 8.89 | kl 0.03 |
| epoch 10 | 25000/35093 batches | 27.71 ms/batch | loss 8.90 | recon 8.87 | kl 0.03 |
| epoch 10 | 30000/35093 batches | 27.70 ms/batch | loss 8.92 | recon 8.89 | kl 0.03 |
| epoch 10 | 35000/35093 batches | 27.70 ms/batch | loss 8.91 | recon 8.88 | kl 0.03 |
saving to checkpoint/ours-jsw-attn+pe/20231113-214452
---------------------------------------------------------------------------
| end of epoch 10 | time 991.91s | kl_weight 1.00 | vae_lr 1.00 | loss 7.89
| recon 7.88 | kl 0.02 | mi 0.00
---------------------------------------------------------------------------
| epoch 11 |  5000/35093 batches | 27.77 ms/batch | loss 8.77 | recon 8.74 | kl 0.03 |
| epoch 11 | 10000/35093 batches | 27.78 ms/batch | loss 8.76 | recon 8.73 | kl 0.03 |
| epoch 11 | 15000/35093 batches | 27.86 ms/batch | loss 8.78 | recon 8.75 | kl 0.03 |
| epoch 11 | 20000/35093 batches | 27.80 ms/batch | loss 8.80 | recon 8.77 | kl 0.03 |
| epoch 11 | 25000/35093 batches | 27.72 ms/batch | loss 8.70 | recon 8.67 | kl 0.03 |
| epoch 11 | 30000/35093 batches | 27.74 ms/batch | loss 8.72 | recon 8.69 | kl 0.03 |
| epoch 11 | 35000/35093 batches | 27.76 ms/batch | loss 8.73 | recon 8.71 | kl 0.03 |
saving to checkpoint/ours-jsw-attn+pe/20231113-214452
---------------------------------------------------------------------------
| end of epoch 11 | time 993.57s | kl_weight 1.00 | vae_lr 1.00 | loss 7.82
| recon 7.81 | kl 0.01 | mi 0.00
---------------------------------------------------------------------------
| epoch 12 |  5000/35093 batches | 27.74 ms/batch | loss 8.67 | recon 8.64 | kl 0.03 |
| epoch 12 | 10000/35093 batches | 27.76 ms/batch | loss 8.60 | recon 8.57 | kl 0.03 |
| epoch 12 | 15000/35093 batches | 27.74 ms/batch | loss 8.59 | recon 8.57 | kl 0.03 |
| epoch 12 | 20000/35093 batches | 27.65 ms/batch | loss 8.60 | recon 8.58 | kl 0.03 |
| epoch 12 | 25000/35093 batches | 27.68 ms/batch | loss 8.60 | recon 8.57 | kl 0.03 |
| epoch 12 | 30000/35093 batches | 27.70 ms/batch | loss 8.57 | recon 8.54 | kl 0.02 |
| epoch 12 | 35000/35093 batches | 27.81 ms/batch | loss 8.63 | recon 8.60 | kl 0.03 |
saving to checkpoint/ours-jsw-attn+pe/20231113-214452
---------------------------------------------------------------------------
| end of epoch 12 | time 991.84s | kl_weight 1.00 | vae_lr 1.00 | loss 7.67
| recon 7.66 | kl 0.01 | mi -0.00
---------------------------------------------------------------------------
| epoch 13 |  5000/35093 batches | 27.76 ms/batch | loss 8.47 | recon 8.45 | kl 0.02 |
| epoch 13 | 10000/35093 batches | 27.74 ms/batch | loss 8.51 | recon 8.48 | kl 0.02 |
| epoch 13 | 15000/35093 batches | 27.75 ms/batch | loss 8.51 | recon 8.49 | kl 0.02 |
| epoch 13 | 20000/35093 batches | 27.80 ms/batch | loss 8.55 | recon 8.52 | kl 0.02 |
| epoch 13 | 25000/35093 batches | 27.71 ms/batch | loss 8.51 | recon 8.49 | kl 0.03 |
| epoch 13 | 30000/35093 batches | 27.70 ms/batch | loss 8.50 | recon 8.47 | kl 0.02 |
| epoch 13 | 35000/35093 batches | 27.77 ms/batch | loss 8.47 | recon 8.45 | kl 0.02 |
---------------------------------------------------------------------------
| end of epoch 13 | time 991.27s | kl_weight 1.00 | vae_lr 1.00 | loss 7.73
| recon 7.71 | kl 0.02 | mi -0.01
---------------------------------------------------------------------------
| epoch 14 |  5000/35093 batches | 27.81 ms/batch | loss 8.45 | recon 8.42 | kl 0.03 |
| epoch 14 | 10000/35093 batches | 27.74 ms/batch | loss 8.45 | recon 8.42 | kl 0.02 |
| epoch 14 | 15000/35093 batches | 27.73 ms/batch | loss 8.45 | recon 8.42 | kl 0.02 |
| epoch 14 | 20000/35093 batches | 27.64 ms/batch | loss 8.44 | recon 8.42 | kl 0.03 |
| epoch 14 | 25000/35093 batches | 27.74 ms/batch | loss 8.41 | recon 8.38 | kl 0.02 |
| epoch 14 | 30000/35093 batches | 27.77 ms/batch | loss 8.43 | recon 8.41 | kl 0.02 |
| epoch 14 | 35000/35093 batches | 27.76 ms/batch | loss 8.52 | recon 8.49 | kl 0.03 |
saving to checkpoint/ours-jsw-attn+pe/20231113-214452
---------------------------------------------------------------------------
| end of epoch 14 | time 992.43s | kl_weight 1.00 | vae_lr 1.00 | loss 7.55
| recon 7.54 | kl 0.01 | mi -0.01
---------------------------------------------------------------------------
| epoch 15 |  5000/35093 batches | 27.75 ms/batch | loss 8.31 | recon 8.29 | kl 0.02 |
| epoch 15 | 10000/35093 batches | 27.74 ms/batch | loss 8.34 | recon 8.32 | kl 0.02 |
| epoch 15 | 15000/35093 batches | 27.80 ms/batch | loss 8.50 | recon 8.47 | kl 0.02 |
| epoch 15 | 20000/35093 batches | 27.74 ms/batch | loss 8.33 | recon 8.30 | kl 0.02 |
| epoch 15 | 25000/35093 batches | 27.68 ms/batch | loss 8.32 | recon 8.29 | kl 0.02 |
| epoch 15 | 30000/35093 batches | 27.70 ms/batch | loss 8.32 | recon 8.29 | kl 0.02 |
| epoch 15 | 35000/35093 batches | 27.83 ms/batch | loss 8.36 | recon 8.34 | kl 0.02 |
---------------------------------------------------------------------------
| end of epoch 15 | time 992.75s | kl_weight 1.00 | vae_lr 0.80 | loss 7.61
| recon 7.59 | kl 0.02 | mi 0.00
---------------------------------------------------------------------------
| epoch 16 |  5000/35093 batches | 27.69 ms/batch | loss 8.18 | recon 8.16 | kl 0.02 |
| epoch 16 | 10000/35093 batches | 27.67 ms/batch | loss 8.18 | recon 8.16 | kl 0.02 |
| epoch 16 | 15000/35093 batches | 27.73 ms/batch | loss 8.24 | recon 8.22 | kl 0.02 |
| epoch 16 | 20000/35093 batches | 27.78 ms/batch | loss 8.17 | recon 8.15 | kl 0.02 |
| epoch 16 | 25000/35093 batches | 27.80 ms/batch | loss 8.19 | recon 8.17 | kl 0.02 |
| epoch 16 | 30000/35093 batches | 27.75 ms/batch | loss 8.16 | recon 8.14 | kl 0.02 |
| epoch 16 | 35000/35093 batches | 27.76 ms/batch | loss 8.13 | recon 8.11 | kl 0.02 |
saving to checkpoint/ours-jsw-attn+pe/20231113-214452
---------------------------------------------------------------------------
| end of epoch 16 | time 992.31s | kl_weight 1.00 | vae_lr 0.80 | loss 7.39
| recon 7.37 | kl 0.02 | mi -0.00
---------------------------------------------------------------------------
| epoch 17 |  5000/35093 batches | 27.74 ms/batch | loss 8.03 | recon 8.01 | kl 0.02 |
| epoch 17 | 10000/35093 batches | 27.80 ms/batch | loss 8.08 | recon 8.06 | kl 0.02 |
| epoch 17 | 15000/35093 batches | 27.75 ms/batch | loss 8.04 | recon 8.02 | kl 0.02 |
| epoch 17 | 20000/35093 batches | 27.80 ms/batch | loss 8.07 | recon 8.05 | kl 0.02 |
| epoch 17 | 25000/35093 batches | 27.83 ms/batch | loss 8.13 | recon 8.11 | kl 0.02 |
| epoch 17 | 30000/35093 batches | 27.78 ms/batch | loss 8.07 | recon 8.05 | kl 0.02 |
| epoch 17 | 35000/35093 batches | 27.74 ms/batch | loss 8.11 | recon 8.10 | kl 0.02 |
saving to checkpoint/ours-jsw-attn+pe/20231113-214452
---------------------------------------------------------------------------
| end of epoch 17 | time 993.42s | kl_weight 1.00 | vae_lr 0.80 | loss 7.39
| recon 7.37 | kl 0.02 | mi -0.02
---------------------------------------------------------------------------
| epoch 18 |  5000/35093 batches | 27.60 ms/batch | loss 7.94 | recon 7.93 | kl 0.02 |
| epoch 18 | 10000/35093 batches | 27.84 ms/batch | loss 8.04 | recon 8.03 | kl 0.02 |
| epoch 18 | 15000/35093 batches | 27.78 ms/batch | loss 8.01 | recon 7.99 | kl 0.02 |
| epoch 18 | 20000/35093 batches | 27.76 ms/batch | loss 8.02 | recon 8.01 | kl 0.02 |
| epoch 18 | 25000/35093 batches | 27.81 ms/batch | loss 8.03 | recon 8.01 | kl 0.02 |
| epoch 18 | 30000/35093 batches | 27.76 ms/batch | loss 7.98 | recon 7.96 | kl 0.02 |
| epoch 18 | 35000/35093 batches | 27.85 ms/batch | loss 8.04 | recon 8.02 | kl 0.02 |
---------------------------------------------------------------------------
| end of epoch 18 | time 992.28s | kl_weight 1.00 | vae_lr 0.64 | loss 7.41
| recon 7.40 | kl 0.01 | mi 0.00
---------------------------------------------------------------------------
| epoch 19 |  5000/35093 batches | 27.82 ms/batch | loss 7.92 | recon 7.90 | kl 0.02 |
| epoch 19 | 10000/35093 batches | 27.74 ms/batch | loss 7.88 | recon 7.87 | kl 0.01 |
| epoch 19 | 15000/35093 batches | 27.80 ms/batch | loss 7.90 | recon 7.88 | kl 0.02 |
| epoch 19 | 20000/35093 batches | 27.81 ms/batch | loss 7.91 | recon 7.89 | kl 0.01 |
| epoch 19 | 25000/35093 batches | 27.75 ms/batch | loss 7.86 | recon 7.85 | kl 0.01 |
| epoch 19 | 30000/35093 batches | 27.78 ms/batch | loss 7.89 | recon 7.88 | kl 0.01 |
| epoch 19 | 35000/35093 batches | 27.74 ms/batch | loss 7.88 | recon 7.86 | kl 0.01 |
saving to checkpoint/ours-jsw-attn+pe/20231113-214452
---------------------------------------------------------------------------
| end of epoch 19 | time 996.51s | kl_weight 1.00 | vae_lr 0.64 | loss 7.33
| recon 7.33 | kl 0.00 | mi -0.03
---------------------------------------------------------------------------
| epoch 20 |  5000/35093 batches | 27.74 ms/batch | loss 7.76 | recon 7.74 | kl 0.01 |
| epoch 20 | 10000/35093 batches | 27.74 ms/batch | loss 7.77 | recon 7.75 | kl 0.01 |
| epoch 20 | 15000/35093 batches | 27.81 ms/batch | loss 7.86 | recon 7.84 | kl 0.01 |
| epoch 20 | 20000/35093 batches | 27.92 ms/batch | loss 7.88 | recon 7.87 | kl 0.01 |
| epoch 20 | 25000/35093 batches | 27.96 ms/batch | loss 7.82 | recon 7.80 | kl 0.01 |
| epoch 20 | 30000/35093 batches | 27.92 ms/batch | loss 7.86 | recon 7.84 | kl 0.01 |
| epoch 20 | 35000/35093 batches | 27.87 ms/batch | loss 7.84 | recon 7.82 | kl 0.01 |
saving to checkpoint/ours-jsw-attn+pe/20231113-214452
---------------------------------------------------------------------------
| end of epoch 20 | time 996.29s | kl_weight 1.00 | vae_lr 0.64 | loss 7.31
| recon 7.30 | kl 0.01 | mi 0.04
---------------------------------------------------------------------------
| epoch 21 |  5000/35093 batches | 27.90 ms/batch | loss 7.76 | recon 7.75 | kl 0.01 |
| epoch 21 | 10000/35093 batches | 27.84 ms/batch | loss 7.74 | recon 7.73 | kl 0.01 |
| epoch 21 | 15000/35093 batches | 27.89 ms/batch | loss 7.78 | recon 7.76 | kl 0.01 |
| epoch 21 | 20000/35093 batches | 27.88 ms/batch | loss 7.85 | recon 7.84 | kl 0.01 |
| epoch 21 | 25000/35093 batches | 27.81 ms/batch | loss 7.80 | recon 7.79 | kl 0.01 |
| epoch 21 | 30000/35093 batches | 27.78 ms/batch | loss 7.78 | recon 7.76 | kl 0.01 |
| epoch 21 | 35000/35093 batches | 27.89 ms/batch | loss 7.80 | recon 7.78 | kl 0.01 |
saving to checkpoint/ours-jsw-attn+pe/20231113-214452
---------------------------------------------------------------------------
| end of epoch 21 | time 996.42s | kl_weight 1.00 | vae_lr 0.64 | loss 7.18
| recon 7.17 | kl 0.01 | mi -0.04
---------------------------------------------------------------------------
| epoch 22 |  5000/35093 batches | 27.90 ms/batch | loss 7.69 | recon 7.68 | kl 0.01 |
| epoch 22 | 10000/35093 batches | 27.88 ms/batch | loss 7.71 | recon 7.69 | kl 0.01 |
| epoch 22 | 15000/35093 batches | 27.88 ms/batch | loss 7.77 | recon 7.76 | kl 0.01 |
| epoch 22 | 20000/35093 batches | 27.77 ms/batch | loss 7.75 | recon 7.73 | kl 0.01 |
| epoch 22 | 25000/35093 batches | 27.81 ms/batch | loss 7.73 | recon 7.72 | kl 0.01 |
| epoch 22 | 30000/35093 batches | 27.90 ms/batch | loss 7.80 | recon 7.79 | kl 0.01 |
| epoch 22 | 35000/35093 batches | 27.91 ms/batch | loss 7.79 | recon 7.77 | kl 0.01 |
---------------------------------------------------------------------------
| end of epoch 22 | time 995.67s | kl_weight 1.00 | vae_lr 0.51 | loss 7.23
| recon 7.21 | kl 0.01 | mi 0.02
---------------------------------------------------------------------------
| epoch 23 |  5000/35093 batches | 27.97 ms/batch | loss 7.68 | recon 7.66 | kl 0.01 |
| epoch 23 | 10000/35093 batches | 27.87 ms/batch | loss 7.63 | recon 7.62 | kl 0.01 |
| epoch 23 | 15000/35093 batches | 27.87 ms/batch | loss 7.67 | recon 7.66 | kl 0.01 |
| epoch 23 | 20000/35093 batches | 27.77 ms/batch | loss 7.63 | recon 7.62 | kl 0.01 |
| epoch 23 | 25000/35093 batches | 27.86 ms/batch | loss 7.61 | recon 7.59 | kl 0.01 |
| epoch 23 | 30000/35093 batches | 27.93 ms/batch | loss 7.70 | recon 7.69 | kl 0.01 |
| epoch 23 | 35000/35093 batches | 27.83 ms/batch | loss 7.63 | recon 7.62 | kl 0.01 |
saving to checkpoint/ours-jsw-attn+pe/20231113-214452
---------------------------------------------------------------------------
| end of epoch 23 | time 996.96s | kl_weight 1.00 | vae_lr 0.51 | loss 7.03
| recon 7.02 | kl 0.01 | mi -0.02
---------------------------------------------------------------------------
| epoch 24 |  5000/35093 batches | 27.85 ms/batch | loss 7.53 | recon 7.52 | kl 0.01 |
| epoch 24 | 10000/35093 batches | 27.84 ms/batch | loss 7.58 | recon 7.57 | kl 0.01 |
| epoch 24 | 15000/35093 batches | 27.88 ms/batch | loss 7.57 | recon 7.55 | kl 0.01 |
| epoch 24 | 20000/35093 batches | 27.94 ms/batch | loss 7.65 | recon 7.64 | kl 0.01 |
| epoch 24 | 25000/35093 batches | 27.86 ms/batch | loss 7.63 | recon 7.62 | kl 0.01 |
| epoch 24 | 30000/35093 batches | 27.90 ms/batch | loss 7.61 | recon 7.60 | kl 0.01 |
| epoch 24 | 35000/35093 batches | 27.86 ms/batch | loss 7.59 | recon 7.58 | kl 0.01 |
---------------------------------------------------------------------------
| end of epoch 24 | time 998.07s | kl_weight 1.00 | vae_lr 0.41 | loss 7.06
| recon 7.05 | kl 0.01 | mi -0.01
---------------------------------------------------------------------------
| epoch 25 |  5000/35093 batches | 27.84 ms/batch | loss 7.49 | recon 7.48 | kl 0.01 |
| epoch 25 | 10000/35093 batches | 27.83 ms/batch | loss 7.52 | recon 7.51 | kl 0.01 |
| epoch 25 | 15000/35093 batches | 27.84 ms/batch | loss 7.53 | recon 7.52 | kl 0.01 |
| epoch 25 | 20000/35093 batches | 27.88 ms/batch | loss 7.49 | recon 7.48 | kl 0.01 |
| epoch 25 | 25000/35093 batches | 27.91 ms/batch | loss 7.53 | recon 7.52 | kl 0.01 |
| epoch 25 | 30000/35093 batches | 27.84 ms/batch | loss 7.47 | recon 7.46 | kl 0.01 |
| epoch 25 | 35000/35093 batches | 27.88 ms/batch | loss 7.51 | recon 7.50 | kl 0.01 |
---------------------------------------------------------------------------
| end of epoch 25 | time 995.54s | kl_weight 1.00 | vae_lr 0.20 | loss 7.04
| recon 7.04 | kl 0.01 | mi 0.00
---------------------------------------------------------------------------
| epoch 26 |  5000/35093 batches | 27.94 ms/batch | loss 7.43 | recon 7.42 | kl 0.01 |
| epoch 26 | 10000/35093 batches | 27.90 ms/batch | loss 7.36 | recon 7.35 | kl 0.01 |
| epoch 26 | 15000/35093 batches | 27.87 ms/batch | loss 7.33 | recon 7.32 | kl 0.01 |
| epoch 26 | 20000/35093 batches | 27.91 ms/batch | loss 7.38 | recon 7.37 | kl 0.01 |
| epoch 26 | 25000/35093 batches | 27.90 ms/batch | loss 7.36 | recon 7.35 | kl 0.01 |
| epoch 26 | 30000/35093 batches | 27.88 ms/batch | loss 7.34 | recon 7.33 | kl 0.01 |
| epoch 26 | 35000/35093 batches | 27.81 ms/batch | loss 7.32 | recon 7.31 | kl 0.01 |
saving to checkpoint/ours-jsw-attn+pe/20231113-214452
---------------------------------------------------------------------------
| end of epoch 26 | time 997.61s | kl_weight 1.00 | vae_lr 0.20 | loss 6.93
| recon 6.92 | kl 0.01 | mi -0.02
---------------------------------------------------------------------------
| epoch 27 |  5000/35093 batches | 27.73 ms/batch | loss 7.18 | recon 7.17 | kl 0.01 |
| epoch 27 | 10000/35093 batches | 27.90 ms/batch | loss 7.30 | recon 7.29 | kl 0.01 |
| epoch 27 | 15000/35093 batches | 27.82 ms/batch | loss 7.24 | recon 7.23 | kl 0.01 |
| epoch 27 | 20000/35093 batches | 27.87 ms/batch | loss 7.28 | recon 7.27 | kl 0.01 |
| epoch 27 | 25000/35093 batches | 27.87 ms/batch | loss 7.30 | recon 7.30 | kl 0.01 |
| epoch 27 | 30000/35093 batches | 27.91 ms/batch | loss 7.33 | recon 7.32 | kl 0.01 |
| epoch 27 | 35000/35093 batches | 27.90 ms/batch | loss 7.32 | recon 7.32 | kl 0.01 |
saving to checkpoint/ours-jsw-attn+pe/20231113-214452
---------------------------------------------------------------------------
| end of epoch 27 | time 996.54s | kl_weight 1.00 | vae_lr 0.20 | loss 6.91
| recon 6.90 | kl 0.01 | mi -0.01
---------------------------------------------------------------------------
| epoch 28 |  5000/35093 batches | 27.92 ms/batch | loss 7.19 | recon 7.19 | kl 0.01 |
| epoch 28 | 10000/35093 batches | 27.89 ms/batch | loss 7.24 | recon 7.24 | kl 0.01 |
| epoch 28 | 15000/35093 batches | 27.92 ms/batch | loss 7.29 | recon 7.28 | kl 0.01 |
| epoch 28 | 20000/35093 batches | 27.88 ms/batch | loss 7.28 | recon 7.27 | kl 0.01 |
| epoch 28 | 25000/35093 batches | 27.90 ms/batch | loss 7.27 | recon 7.27 | kl 0.01 |
| epoch 28 | 30000/35093 batches | 27.89 ms/batch | loss 7.33 | recon 7.33 | kl 0.01 |
| epoch 28 | 35000/35093 batches | 27.79 ms/batch | loss 7.22 | recon 7.21 | kl 0.01 |
saving to checkpoint/ours-jsw-attn+pe/20231113-214452
---------------------------------------------------------------------------
| end of epoch 28 | time 997.54s | kl_weight 1.00 | vae_lr 0.20 | loss 6.89
| recon 6.89 | kl 0.00 | mi 0.00
---------------------------------------------------------------------------
| epoch 29 |  5000/35093 batches | 27.86 ms/batch | loss 7.16 | recon 7.15 | kl 0.01 |
| epoch 29 | 10000/35093 batches | 27.87 ms/batch | loss 7.19 | recon 7.18 | kl 0.01 |
| epoch 29 | 15000/35093 batches | 27.90 ms/batch | loss 7.22 | recon 7.22 | kl 0.01 |
| epoch 29 | 20000/35093 batches | 27.86 ms/batch | loss 7.22 | recon 7.21 | kl 0.01 |
| epoch 29 | 25000/35093 batches | 27.85 ms/batch | loss 7.20 | recon 7.20 | kl 0.01 |
| epoch 29 | 30000/35093 batches | 27.87 ms/batch | loss 7.28 | recon 7.27 | kl 0.01 |
| epoch 29 | 35000/35093 batches | 27.88 ms/batch | loss 7.26 | recon 7.25 | kl 0.01 |
---------------------------------------------------------------------------
| end of epoch 29 | time 995.93s | kl_weight 1.00 | vae_lr 0.16 | loss 6.93
| recon 6.92 | kl 0.01 | mi -0.00
---------------------------------------------------------------------------
| epoch 30 |  5000/35093 batches | 27.93 ms/batch | loss 7.19 | recon 7.18 | kl 0.01 |
| epoch 30 | 10000/35093 batches | 27.86 ms/batch | loss 7.17 | recon 7.16 | kl 0.01 |
| epoch 30 | 15000/35093 batches | 27.88 ms/batch | loss 7.18 | recon 7.18 | kl 0.01 |
| epoch 30 | 20000/35093 batches | 27.81 ms/batch | loss 7.18 | recon 7.18 | kl 0.01 |
| epoch 30 | 25000/35093 batches | 27.80 ms/batch | loss 7.23 | recon 7.22 | kl 0.01 |
| epoch 30 | 30000/35093 batches | 27.86 ms/batch | loss 7.21 | recon 7.21 | kl 0.01 |
| epoch 30 | 35000/35093 batches | 27.86 ms/batch | loss 7.17 | recon 7.17 | kl 0.01 |
saving to checkpoint/ours-jsw-attn+pe/20231113-214452
---------------------------------------------------------------------------
| end of epoch 30 | time 996.47s | kl_weight 1.00 | vae_lr 0.16 | loss 6.81
| recon 6.80 | kl 0.01 | mi 0.02
---------------------------------------------------------------------------
| epoch 31 |  5000/35093 batches | 27.88 ms/batch | loss 7.09 | recon 7.08 | kl 0.01 |
| epoch 31 | 10000/35093 batches | 27.90 ms/batch | loss 7.17 | recon 7.16 | kl 0.01 |
| epoch 31 | 15000/35093 batches | 27.89 ms/batch | loss 7.24 | recon 7.23 | kl 0.01 |
| epoch 31 | 20000/35093 batches | 27.86 ms/batch | loss 7.15 | recon 7.15 | kl 0.01 |
| epoch 31 | 25000/35093 batches | 27.85 ms/batch | loss 7.16 | recon 7.16 | kl 0.01 |
| epoch 31 | 30000/35093 batches | 27.80 ms/batch | loss 7.11 | recon 7.11 | kl 0.01 |
| epoch 31 | 35000/35093 batches | 27.85 ms/batch | loss 7.18 | recon 7.17 | kl 0.01 |
---------------------------------------------------------------------------
| end of epoch 31 | time 995.61s | kl_weight 1.00 | vae_lr 0.13 | loss 6.84
| recon 6.83 | kl 0.00 | mi -0.04
---------------------------------------------------------------------------
| epoch 32 |  5000/35093 batches | 27.94 ms/batch | loss 7.18 | recon 7.17 | kl 0.01 |
| epoch 32 | 10000/35093 batches | 27.85 ms/batch | loss 7.11 | recon 7.11 | kl 0.01 |
| epoch 32 | 15000/35093 batches | 27.85 ms/batch | loss 7.13 | recon 7.13 | kl 0.01 |
| epoch 32 | 20000/35093 batches | 27.76 ms/batch | loss 7.11 | recon 7.10 | kl 0.01 |
| epoch 32 | 25000/35093 batches | 27.85 ms/batch | loss 7.15 | recon 7.14 | kl 0.01 |
| epoch 32 | 30000/35093 batches | 27.89 ms/batch | loss 7.14 | recon 7.13 | kl 0.01 |
| epoch 32 | 35000/35093 batches | 27.84 ms/batch | loss 7.14 | recon 7.14 | kl 0.01 |
saving to checkpoint/ours-jsw-attn+pe/20231113-214452
---------------------------------------------------------------------------
| end of epoch 32 | time 996.47s | kl_weight 1.00 | vae_lr 0.13 | loss 6.79
| recon 6.78 | kl 0.00 | mi 0.01
---------------------------------------------------------------------------
| epoch 33 |  5000/35093 batches | 27.92 ms/batch | loss 7.06 | recon 7.06 | kl 0.01 |
| epoch 33 | 10000/35093 batches | 27.89 ms/batch | loss 7.08 | recon 7.07 | kl 0.01 |
| epoch 33 | 15000/35093 batches | 27.88 ms/batch | loss 7.09 | recon 7.09 | kl 0.01 |
| epoch 33 | 20000/35093 batches | 27.86 ms/batch | loss 7.13 | recon 7.13 | kl 0.01 |
| epoch 33 | 25000/35093 batches | 27.84 ms/batch | loss 7.13 | recon 7.13 | kl 0.01 |
| epoch 33 | 30000/35093 batches | 27.99 ms/batch | loss 7.20 | recon 7.20 | kl 0.01 |
| epoch 33 | 35000/35093 batches | 27.87 ms/batch | loss 7.14 | recon 7.14 | kl 0.01 |
saving to checkpoint/ours-jsw-attn+pe/20231113-214452
---------------------------------------------------------------------------
| end of epoch 33 | time 997.73s | kl_weight 1.00 | vae_lr 0.13 | loss 6.76
| recon 6.75 | kl 0.01 | mi 0.02
---------------------------------------------------------------------------
| epoch 34 |  5000/35093 batches | 27.81 ms/batch | loss 7.07 | recon 7.06 | kl 0.01 |
| epoch 34 | 10000/35093 batches | 27.76 ms/batch | loss 7.02 | recon 7.01 | kl 0.01 |
| epoch 34 | 15000/35093 batches | 27.83 ms/batch | loss 7.07 | recon 7.06 | kl 0.01 |
| epoch 34 | 20000/35093 batches | 27.93 ms/batch | loss 7.15 | recon 7.14 | kl 0.01 |
| epoch 34 | 25000/35093 batches | 27.84 ms/batch | loss 7.08 | recon 7.08 | kl 0.01 |
| epoch 34 | 30000/35093 batches | 27.96 ms/batch | loss 7.17 | recon 7.16 | kl 0.01 |
| epoch 34 | 35000/35093 batches | 27.87 ms/batch | loss 7.14 | recon 7.13 | kl 0.01 |
---------------------------------------------------------------------------
| end of epoch 34 | time 995.46s | kl_weight 1.00 | vae_lr 0.10 | loss 6.80
| recon 6.79 | kl 0.00 | mi -0.00
---------------------------------------------------------------------------
| epoch 35 |  5000/35093 batches | 27.85 ms/batch | loss 7.01 | recon 7.01 | kl 0.01 |
| epoch 35 | 10000/35093 batches | 27.92 ms/batch | loss 7.04 | recon 7.03 | kl 0.01 |
| epoch 35 | 15000/35093 batches | 27.89 ms/batch | loss 7.06 | recon 7.05 | kl 0.01 |
| epoch 35 | 20000/35093 batches | 27.94 ms/batch | loss 7.11 | recon 7.10 | kl 0.01 |
| epoch 35 | 25000/35093 batches | 27.89 ms/batch | loss 7.12 | recon 7.11 | kl 0.01 |
| epoch 35 | 30000/35093 batches | 27.86 ms/batch | loss 7.07 | recon 7.06 | kl 0.01 |
| epoch 35 | 35000/35093 batches | 27.82 ms/batch | loss 7.07 | recon 7.06 | kl 0.01 |
---------------------------------------------------------------------------
| end of epoch 35 | time 996.28s | kl_weight 1.00 | vae_lr 0.05 | loss 6.78
| recon 6.78 | kl 0.01 | mi -0.01
---------------------------------------------------------------------------
| epoch 36 |  5000/35093 batches | 27.84 ms/batch | loss 7.00 | recon 6.99 | kl 0.01 |
| epoch 36 | 10000/35093 batches | 27.84 ms/batch | loss 6.98 | recon 6.98 | kl 0.01 |
| epoch 36 | 15000/35093 batches | 27.91 ms/batch | loss 7.01 | recon 7.00 | kl 0.01 |
| epoch 36 | 20000/35093 batches | 27.85 ms/batch | loss 6.99 | recon 6.98 | kl 0.01 |
| epoch 36 | 25000/35093 batches | 27.87 ms/batch | loss 7.02 | recon 7.01 | kl 0.01 |
| epoch 36 | 30000/35093 batches | 27.92 ms/batch | loss 7.08 | recon 7.07 | kl 0.01 |
| epoch 36 | 35000/35093 batches | 27.90 ms/batch | loss 7.06 | recon 7.05 | kl 0.01 |
saving to checkpoint/ours-jsw-attn+pe/20231113-214452
---------------------------------------------------------------------------
| end of epoch 36 | time 997.11s | kl_weight 1.00 | vae_lr 0.05 | loss 6.71
| recon 6.70 | kl 0.00 | mi -0.02
---------------------------------------------------------------------------
| epoch 37 |  5000/35093 batches | 27.92 ms/batch | loss 6.94 | recon 6.94 | kl 0.01 |
| epoch 37 | 10000/35093 batches | 27.89 ms/batch | loss 7.00 | recon 6.99 | kl 0.01 |
| epoch 37 | 15000/35093 batches | 27.86 ms/batch | loss 6.94 | recon 6.94 | kl 0.01 |
| epoch 37 | 20000/35093 batches | 27.85 ms/batch | loss 6.98 | recon 6.98 | kl 0.01 |
| epoch 37 | 25000/35093 batches | 27.92 ms/batch | loss 7.05 | recon 7.04 | kl 0.01 |
| epoch 37 | 30000/35093 batches | 27.90 ms/batch | loss 7.04 | recon 7.04 | kl 0.01 |
| epoch 37 | 35000/35093 batches | 27.76 ms/batch | loss 6.97 | recon 6.97 | kl 0.01 |
saving to checkpoint/ours-jsw-attn+pe/20231113-214452
---------------------------------------------------------------------------
| end of epoch 37 | time 996.95s | kl_weight 1.00 | vae_lr 0.05 | loss 6.70
| recon 6.69 | kl 0.01 | mi 0.02
---------------------------------------------------------------------------
| epoch 38 |  5000/35093 batches | 27.89 ms/batch | loss 6.96 | recon 6.96 | kl 0.01 |
| epoch 38 | 10000/35093 batches | 27.89 ms/batch | loss 6.95 | recon 6.94 | kl 0.01 |
| epoch 38 | 15000/35093 batches | 27.88 ms/batch | loss 6.94 | recon 6.93 | kl 0.01 |
| epoch 38 | 20000/35093 batches | 27.90 ms/batch | loss 7.01 | recon 7.00 | kl 0.01 |
| epoch 38 | 25000/35093 batches | 27.91 ms/batch | loss 6.99 | recon 6.98 | kl 0.01 |
| epoch 38 | 30000/35093 batches | 27.93 ms/batch | loss 7.04 | recon 7.03 | kl 0.01 |
| epoch 38 | 35000/35093 batches | 27.91 ms/batch | loss 7.01 | recon 7.00 | kl 0.01 |
---------------------------------------------------------------------------
| end of epoch 38 | time 998.19s | kl_weight 1.00 | vae_lr 0.04 | loss 6.71
| recon 6.70 | kl 0.00 | mi 0.03
---------------------------------------------------------------------------
| epoch 39 |  5000/35093 batches | 27.86 ms/batch | loss 6.91 | recon 6.90 | kl 0.01 |
| epoch 39 | 10000/35093 batches | 27.86 ms/batch | loss 6.93 | recon 6.92 | kl 0.01 |
| epoch 39 | 15000/35093 batches | 27.90 ms/batch | loss 7.00 | recon 7.00 | kl 0.01 |
| epoch 39 | 20000/35093 batches | 27.87 ms/batch | loss 6.99 | recon 6.98 | kl 0.01 |
| epoch 39 | 25000/35093 batches | 27.80 ms/batch | loss 6.97 | recon 6.97 | kl 0.01 |
| epoch 39 | 30000/35093 batches | 27.82 ms/batch | loss 6.99 | recon 6.98 | kl 0.01 |
| epoch 39 | 35000/35093 batches | 27.89 ms/batch | loss 6.99 | recon 6.99 | kl 0.01 |
---------------------------------------------------------------------------
| end of epoch 39 | time 995.35s | kl_weight 1.00 | vae_lr 0.02 | loss 6.81
| recon 6.80 | kl 0.01 | mi 0.02
---------------------------------------------------------------------------
| epoch 40 |  5000/35093 batches | 27.88 ms/batch | loss 6.92 | recon 6.91 | kl 0.01 |
| epoch 40 | 10000/35093 batches | 27.90 ms/batch | loss 6.94 | recon 6.93 | kl 0.01 |
| epoch 40 | 15000/35093 batches | 27.92 ms/batch | loss 7.01 | recon 7.00 | kl 0.01 |
| epoch 40 | 20000/35093 batches | 27.83 ms/batch | loss 6.91 | recon 6.90 | kl 0.01 |
| epoch 40 | 25000/35093 batches | 27.85 ms/batch | loss 6.93 | recon 6.93 | kl 0.01 |
| epoch 40 | 30000/35093 batches | 27.92 ms/batch | loss 6.97 | recon 6.96 | kl 0.01 |
| epoch 40 | 35000/35093 batches | 27.94 ms/batch | loss 6.98 | recon 6.97 | kl 0.01 |
saving to checkpoint/ours-jsw-attn+pe/20231113-214452
---------------------------------------------------------------------------
| end of epoch 40 | time 997.95s | kl_weight 1.00 | vae_lr 0.02 | loss 6.63
| recon 6.62 | kl 0.00 | mi -0.01
---------------------------------------------------------------------------
| epoch 41 |  5000/35093 batches | 27.78 ms/batch | loss 6.83 | recon 6.83 | kl 0.01 |
| epoch 41 | 10000/35093 batches | 27.88 ms/batch | loss 6.93 | recon 6.93 | kl 0.01 |
| epoch 41 | 15000/35093 batches | 27.87 ms/batch | loss 6.97 | recon 6.97 | kl 0.01 |
| epoch 41 | 20000/35093 batches | 27.81 ms/batch | loss 6.99 | recon 6.98 | kl 0.01 |
| epoch 41 | 25000/35093 batches | 27.89 ms/batch | loss 6.94 | recon 6.94 | kl 0.01 |
| epoch 41 | 30000/35093 batches | 27.81 ms/batch | loss 6.90 | recon 6.90 | kl 0.01 |
| epoch 41 | 35000/35093 batches | 27.82 ms/batch | loss 6.95 | recon 6.95 | kl 0.01 |
---------------------------------------------------------------------------
| end of epoch 41 | time 995.94s | kl_weight 1.00 | vae_lr 0.02 | loss 6.70
| recon 6.69 | kl 0.00 | mi 0.01
---------------------------------------------------------------------------
| epoch 42 |  5000/35093 batches | 27.92 ms/batch | loss 6.96 | recon 6.96 | kl 0.01 |
| epoch 42 | 10000/35093 batches | 27.86 ms/batch | loss 6.89 | recon 6.88 | kl 0.01 |
| epoch 42 | 15000/35093 batches | 27.88 ms/batch | loss 6.94 | recon 6.94 | kl 0.01 |
| epoch 42 | 20000/35093 batches | 27.86 ms/batch | loss 6.92 | recon 6.92 | kl 0.01 |
| epoch 42 | 25000/35093 batches | 27.87 ms/batch | loss 6.94 | recon 6.93 | kl 0.01 |
| epoch 42 | 30000/35093 batches | 27.92 ms/batch | loss 6.99 | recon 6.99 | kl 0.01 |
| epoch 42 | 35000/35093 batches | 27.92 ms/batch | loss 6.99 | recon 6.98 | kl 0.01 |
---------------------------------------------------------------------------
| end of epoch 42 | time 996.65s | kl_weight 1.00 | vae_lr 0.01 | loss 6.78
| recon 6.78 | kl 0.00 | mi -0.02
---------------------------------------------------------------------------
| epoch 43 |  5000/35093 batches | 27.85 ms/batch | loss 6.91 | recon 6.91 | kl 0.01 |
| epoch 43 | 10000/35093 batches | 27.80 ms/batch | loss 6.89 | recon 6.88 | kl 0.01 |
| epoch 43 | 15000/35093 batches | 27.85 ms/batch | loss 6.94 | recon 6.94 | kl 0.01 |
| epoch 43 | 20000/35093 batches | 27.91 ms/batch | loss 6.94 | recon 6.93 | kl 0.01 |
| epoch 43 | 25000/35093 batches | 27.85 ms/batch | loss 6.93 | recon 6.93 | kl 0.01 |
| epoch 43 | 30000/35093 batches | 27.91 ms/batch | loss 6.97 | recon 6.97 | kl 0.01 |
| epoch 43 | 35000/35093 batches | 27.88 ms/batch | loss 6.95 | recon 6.95 | kl 0.01 |
---------------------------------------------------------------------------
| end of epoch 43 | time 995.55s | kl_weight 1.00 | vae_lr 0.01 | loss 6.67
| recon 6.67 | kl 0.00 | mi 0.01
---------------------------------------------------------------------------
| epoch 44 |  5000/35093 batches | 27.95 ms/batch | loss 6.92 | recon 6.92 | kl 0.01 |
| epoch 44 | 10000/35093 batches | 27.81 ms/batch | loss 6.84 | recon 6.84 | kl 0.01 |
| epoch 44 | 15000/35093 batches | 27.88 ms/batch | loss 6.95 | recon 6.94 | kl 0.01 |
| epoch 44 | 20000/35093 batches | 27.92 ms/batch | loss 6.95 | recon 6.94 | kl 0.01 |
| epoch 44 | 25000/35093 batches | 27.91 ms/batch | loss 6.97 | recon 6.96 | kl 0.01 |
| epoch 44 | 30000/35093 batches | 27.84 ms/batch | loss 6.92 | recon 6.92 | kl 0.01 |
| epoch 44 | 35000/35093 batches | 27.84 ms/batch | loss 7.00 | recon 6.99 | kl 0.01 |
---------------------------------------------------------------------------
| end of epoch 44 | time 996.09s | kl_weight 1.00 | vae_lr 0.00 | loss 6.75
| recon 6.75 | kl 0.00 | mi 0.03
---------------------------------------------------------------------------
| epoch 45 |  5000/35093 batches | 27.77 ms/batch | loss 6.86 | recon 6.85 | kl 0.01 |
| epoch 45 | 10000/35093 batches | 27.85 ms/batch | loss 6.90 | recon 6.89 | kl 0.01 |
| epoch 45 | 15000/35093 batches | 27.87 ms/batch | loss 6.91 | recon 6.90 | kl 0.01 |
| epoch 45 | 20000/35093 batches | 27.90 ms/batch | loss 6.97 | recon 6.96 | kl 0.01 |
| epoch 45 | 25000/35093 batches | 27.88 ms/batch | loss 6.93 | recon 6.93 | kl 0.01 |
| epoch 45 | 30000/35093 batches | 27.84 ms/batch | loss 6.96 | recon 6.96 | kl 0.01 |
| epoch 45 | 35000/35093 batches | 27.89 ms/batch | loss 6.95 | recon 6.95 | kl 0.01 |
---------------------------------------------------------------------------
| end of epoch 45 | time 995.61s | kl_weight 1.00 | vae_lr 0.00 | loss 6.70
| recon 6.70 | kl 0.00 | mi 0.01
---------------------------------------------------------------------------
| epoch 46 |  5000/35093 batches | 27.89 ms/batch | loss 6.90 | recon 6.89 | kl 0.01 |
| epoch 46 | 10000/35093 batches | 27.79 ms/batch | loss 6.88 | recon 6.87 | kl 0.01 |
| epoch 46 | 15000/35093 batches | 27.86 ms/batch | loss 6.90 | recon 6.90 | kl 0.01 |
| epoch 46 | 20000/35093 batches | 27.92 ms/batch | loss 6.96 | recon 6.95 | kl 0.01 |
| epoch 46 | 25000/35093 batches | 27.88 ms/batch | loss 6.94 | recon 6.94 | kl 0.01 |
| epoch 46 | 30000/35093 batches | 27.91 ms/batch | loss 6.99 | recon 6.99 | kl 0.01 |
| epoch 46 | 35000/35093 batches | 27.83 ms/batch | loss 6.95 | recon 6.95 | kl 0.01 |
---------------------------------------------------------------------------
| end of epoch 46 | time 995.89s | kl_weight 1.00 | vae_lr 0.00 | loss 6.74
| recon 6.72 | kl 0.01 | mi 0.00
---------------------------------------------------------------------------
| epoch 47 |  5000/35093 batches | 27.92 ms/batch | loss 6.90 | recon 6.89 | kl 0.01 |
| epoch 47 | 10000/35093 batches | 27.91 ms/batch | loss 6.91 | recon 6.91 | kl 0.01 |
| epoch 47 | 15000/35093 batches | 27.91 ms/batch | loss 6.92 | recon 6.92 | kl 0.01 |
| epoch 47 | 20000/35093 batches | 27.88 ms/batch | loss 6.96 | recon 6.95 | kl 0.01 |
| epoch 47 | 25000/35093 batches | 27.83 ms/batch | loss 6.92 | recon 6.92 | kl 0.01 |
| epoch 47 | 30000/35093 batches | 27.91 ms/batch | loss 6.97 | recon 6.96 | kl 0.01 |
| epoch 47 | 35000/35093 batches | 27.92 ms/batch | loss 6.98 | recon 6.98 | kl 0.01 |
---------------------------------------------------------------------------
| end of epoch 47 | time 996.74s | kl_weight 1.00 | vae_lr 0.00 | loss 6.69
| recon 6.69 | kl 0.01 | mi 0.01
---------------------------------------------------------------------------
| epoch 48 |  5000/35093 batches | 27.87 ms/batch | loss 6.88 | recon 6.88 | kl 0.01 |
| epoch 48 | 10000/35093 batches | 27.89 ms/batch | loss 6.91 | recon 6.91 | kl 0.01 |
| epoch 48 | 15000/35093 batches | 27.84 ms/batch | loss 6.89 | recon 6.89 | kl 0.01 |
| epoch 48 | 20000/35093 batches | 27.87 ms/batch | loss 6.98 | recon 6.97 | kl 0.01 |
| epoch 48 | 25000/35093 batches | 27.78 ms/batch | loss 6.96 | recon 6.96 | kl 0.01 |
| epoch 48 | 30000/35093 batches | 27.78 ms/batch | loss 6.97 | recon 6.96 | kl 0.01 |
| epoch 48 | 35000/35093 batches | 27.82 ms/batch | loss 6.93 | recon 6.93 | kl 0.01 |
---------------------------------------------------------------------------
| end of epoch 48 | time 994.60s | kl_weight 1.00 | vae_lr 0.00 | loss 6.75
| recon 6.75 | kl 0.00 | mi -0.03
---------------------------------------------------------------------------
| epoch 49 |  5000/35093 batches | 27.69 ms/batch | loss 6.85 | recon 6.85 | kl 0.01 |
| epoch 49 | 10000/35093 batches | 27.40 ms/batch | loss 6.92 | recon 6.91 | kl 0.01 |
| epoch 49 | 15000/35093 batches | 27.83 ms/batch | loss 6.98 | recon 6.98 | kl 0.01 |
| epoch 49 | 20000/35093 batches | 27.81 ms/batch | loss 6.93 | recon 6.93 | kl 0.01 |
| epoch 49 | 25000/35093 batches | 27.77 ms/batch | loss 6.93 | recon 6.93 | kl 0.01 |
| epoch 49 | 30000/35093 batches | 27.79 ms/batch | loss 6.95 | recon 6.94 | kl 0.01 |
| epoch 49 | 35000/35093 batches | 27.74 ms/batch | loss 6.94 | recon 6.93 | kl 0.01 |
---------------------------------------------------------------------------
| end of epoch 49 | time 990.52s | kl_weight 1.00 | vae_lr 0.00 | loss 6.65
| recon 6.65 | kl 0.00 | mi -0.05
---------------------------------------------------------------------------
| epoch 50 |  5000/35093 batches | 27.78 ms/batch | loss 6.83 | recon 6.83 | kl 0.01 |
| epoch 50 | 10000/35093 batches | 27.86 ms/batch | loss 6.96 | recon 6.95 | kl 0.01 |
| epoch 50 | 15000/35093 batches | 27.74 ms/batch | loss 6.93 | recon 6.92 | kl 0.01 |
| epoch 50 | 20000/35093 batches | 27.58 ms/batch | loss 6.87 | recon 6.87 | kl 0.01 |
| epoch 50 | 25000/35093 batches | 27.83 ms/batch | loss 6.99 | recon 6.98 | kl 0.01 |
| epoch 50 | 30000/35093 batches | 27.79 ms/batch | loss 7.00 | recon 7.00 | kl 0.01 |
| epoch 50 | 35000/35093 batches | 27.81 ms/batch | loss 6.99 | recon 6.98 | kl 0.01 |
---------------------------------------------------------------------------
| end of epoch 50 | time 992.35s | kl_weight 1.00 | vae_lr 0.00 | loss 6.67
| recon 6.67 | kl 0.00 | mi 0.03
---------------------------------------------------------------------------
| epoch 51 |  5000/35093 batches | 27.79 ms/batch | loss 6.87 | recon 6.86 | kl 0.01 |
| epoch 51 | 10000/35093 batches | 27.85 ms/batch | loss 6.92 | recon 6.91 | kl 0.01 |
| epoch 51 | 15000/35093 batches | 28.51 ms/batch | loss 6.88 | recon 6.87 | kl 0.01 |
| epoch 51 | 20000/35093 batches | 28.63 ms/batch | loss 6.97 | recon 6.97 | kl 0.01 |
| epoch 51 | 25000/35093 batches | 28.71 ms/batch | loss 7.01 | recon 7.00 | kl 0.01 |
| epoch 51 | 30000/35093 batches | 28.61 ms/batch | loss 6.94 | recon 6.93 | kl 0.01 |
| epoch 51 | 35000/35093 batches | 28.70 ms/batch | loss 6.97 | recon 6.97 | kl 0.01 |
---------------------------------------------------------------------------
| end of epoch 51 | time 1015.18s | kl_weight 1.00 | vae_lr 0.00 | loss 6.66
| recon 6.66 | kl 0.01 | mi 0.02
---------------------------------------------------------------------------
| epoch 52 |  5000/35093 batches | 28.59 ms/batch | loss 6.91 | recon 6.90 | kl 0.01 |
| epoch 52 | 10000/35093 batches | 28.58 ms/batch | loss 6.86 | recon 6.85 | kl 0.01 |
| epoch 52 | 15000/35093 batches | 28.56 ms/batch | loss 6.91 | recon 6.90 | kl 0.01 |
| epoch 52 | 20000/35093 batches | 28.64 ms/batch | loss 6.92 | recon 6.92 | kl 0.01 |
| epoch 52 | 25000/35093 batches | 28.64 ms/batch | loss 6.97 | recon 6.97 | kl 0.01 |
| epoch 52 | 30000/35093 batches | 28.58 ms/batch | loss 6.92 | recon 6.91 | kl 0.01 |
| epoch 52 | 35000/35093 batches | 28.61 ms/batch | loss 6.97 | recon 6.97 | kl 0.01 |
saving to checkpoint/ours-jsw-attn+pe/20231113-214452
---------------------------------------------------------------------------
| end of epoch 52 | time 1023.20s | kl_weight 1.00 | vae_lr 0.00 | loss 6.62
| recon 6.61 | kl 0.01 | mi 0.01
---------------------------------------------------------------------------
| epoch 53 |  5000/35093 batches | 28.67 ms/batch | loss 6.86 | recon 6.86 | kl 0.01 |
| epoch 53 | 10000/35093 batches | 28.05 ms/batch | loss 6.95 | recon 6.94 | kl 0.01 |
| epoch 53 | 15000/35093 batches | 27.73 ms/batch | loss 6.91 | recon 6.90 | kl 0.01 |
| epoch 53 | 20000/35093 batches | 27.83 ms/batch | loss 6.97 | recon 6.97 | kl 0.01 |
| epoch 53 | 25000/35093 batches | 27.82 ms/batch | loss 6.97 | recon 6.97 | kl 0.01 |
| epoch 53 | 30000/35093 batches | 27.79 ms/batch | loss 6.94 | recon 6.94 | kl 0.01 |
| epoch 53 | 35000/35093 batches | 27.75 ms/batch | loss 6.99 | recon 6.98 | kl 0.01 |
---------------------------------------------------------------------------
| end of epoch 53 | time 998.67s | kl_weight 1.00 | vae_lr 0.00 | loss 6.65
| recon 6.65 | kl 0.01 | mi -0.00
---------------------------------------------------------------------------
| epoch 54 |  5000/35093 batches | 27.78 ms/batch | loss 6.93 | recon 6.93 | kl 0.01 |
| epoch 54 | 10000/35093 batches | 27.76 ms/batch | loss 6.89 | recon 6.89 | kl 0.01 |
| epoch 54 | 15000/35093 batches | 27.87 ms/batch | loss 6.97 | recon 6.97 | kl 0.01 |
| epoch 54 | 20000/35093 batches | 27.85 ms/batch | loss 6.97 | recon 6.96 | kl 0.01 |
| epoch 54 | 25000/35093 batches | 27.83 ms/batch | loss 6.99 | recon 6.99 | kl 0.01 |
| epoch 54 | 30000/35093 batches | 27.81 ms/batch | loss 6.91 | recon 6.90 | kl 0.01 |
| epoch 54 | 35000/35093 batches | 27.76 ms/batch | loss 6.89 | recon 6.89 | kl 0.01 |
---------------------------------------------------------------------------
| end of epoch 54 | time 993.59s | kl_weight 1.00 | vae_lr 0.00 | loss 6.70
| recon 6.69 | kl 0.01 | mi 0.00
---------------------------------------------------------------------------
| epoch 55 |  5000/35093 batches | 27.82 ms/batch | loss 6.89 | recon 6.89 | kl 0.01 |
| epoch 55 | 10000/35093 batches | 27.82 ms/batch | loss 6.90 | recon 6.90 | kl 0.01 |
| epoch 55 | 15000/35093 batches | 27.86 ms/batch | loss 6.96 | recon 6.95 | kl 0.01 |
| epoch 55 | 20000/35093 batches | 27.78 ms/batch | loss 6.88 | recon 6.88 | kl 0.01 |
| epoch 55 | 25000/35093 batches | 27.79 ms/batch | loss 6.92 | recon 6.91 | kl 0.01 |
| epoch 55 | 30000/35093 batches | 27.76 ms/batch | loss 6.99 | recon 6.99 | kl 0.01 |
| epoch 55 | 35000/35093 batches | 27.72 ms/batch | loss 6.99 | recon 6.98 | kl 0.01 |
---------------------------------------------------------------------------
| end of epoch 55 | time 993.09s | kl_weight 1.00 | vae_lr 0.00 | loss 6.72
| recon 6.72 | kl 0.00 | mi 0.01
---------------------------------------------------------------------------
| epoch 56 |  5000/35093 batches | 27.82 ms/batch | loss 6.87 | recon 6.86 | kl 0.01 |
| epoch 56 | 10000/35093 batches | 27.81 ms/batch | loss 6.94 | recon 6.93 | kl 0.01 |
| epoch 56 | 15000/35093 batches | 27.86 ms/batch | loss 6.92 | recon 6.92 | kl 0.01 |
| epoch 56 | 20000/35093 batches | 27.90 ms/batch | loss 6.97 | recon 6.96 | kl 0.01 |
| epoch 56 | 25000/35093 batches | 27.88 ms/batch | loss 6.96 | recon 6.95 | kl 0.01 |
| epoch 56 | 30000/35093 batches | 27.83 ms/batch | loss 6.94 | recon 6.93 | kl 0.01 |
| epoch 56 | 35000/35093 batches | 27.79 ms/batch | loss 6.94 | recon 6.93 | kl 0.01 |
val loss : 6.613477113382663
test loss: 9.725042157839034
test recon: 9.71954627122907
test kl: 0.0054958866099641054
Vocabulary size: 43405
/nas02/homes/yoshioka20-1000032/mr3venv/lib/python3.8/site-packages/torch/_tensor.py:575: UserWarning: floor_divide is deprecated, and will be removed in a future version of pytorch. It currently rounds toward 0 (like the 'trunc' function NOT 'floor'). This results in incorrect rounding for negative values.
To keep the current behavior, use torch.div(a, b, rounding_mode='trunc'), or for actual floor division, use torch.div(a, b, rounding_mode='floor'). (Triggered internally at  ../aten/src/ATen/native/BinaryOps.cpp:467.)
  return torch.floor_divide(self, other)
50 3200
100 6368
150 9568
Vocabulary size: 43405
/nas02/homes/yoshioka20-1000032/mr3venv/lib/python3.8/site-packages/torch/_tensor.py:575: UserWarning: floor_divide is deprecated, and will be removed in a future version of pytorch. It currently rounds toward 0 (like the 'trunc' function NOT 'floor'). This results in incorrect rounding for negative values.
To keep the current behavior, use torch.div(a, b, rounding_mode='trunc'), or for actual floor division, use torch.div(a, b, rounding_mode='floor'). (Triggered internally at  ../aten/src/ATen/native/BinaryOps.cpp:467.)
  return torch.floor_divide(self, other)
50 3200
100 6368
150 9568
Vocabulary size: 43405
/nas02/homes/yoshioka20-1000032/mr3venv/lib/python3.8/site-packages/torch/_tensor.py:575: UserWarning: floor_divide is deprecated, and will be removed in a future version of pytorch. It currently rounds toward 0 (like the 'trunc' function NOT 'floor'). This results in incorrect rounding for negative values.
To keep the current behavior, use torch.div(a, b, rounding_mode='trunc'), or for actual floor division, use torch.div(a, b, rounding_mode='floor'). (Triggered internally at  ../aten/src/ATen/native/BinaryOps.cpp:467.)
  return torch.floor_divide(self, other)
Vocabulary size: 43405
/nas02/homes/yoshioka20-1000032/mr3venv/lib/python3.8/site-packages/torch/_tensor.py:575: UserWarning: floor_divide is deprecated, and will be removed in a future version of pytorch. It currently rounds toward 0 (like the 'trunc' function NOT 'floor'). This results in incorrect rounding for negative values.
To keep the current behavior, use torch.div(a, b, rounding_mode='trunc'), or for actual floor division, use torch.div(a, b, rounding_mode='floor'). (Triggered internally at  ../aten/src/ATen/native/BinaryOps.cpp:467.)
  return torch.floor_divide(self, other)
bow_process finished
Acc: 98.55
1452 / 12607
Bleu: 47.37
geo_mean: 57.92
bow_process finished
Acc: 48.98
608 / 12607
Bleu: 40.02
geo_mean: 48.70
bow_process finished
Acc: 73.77
2 / 3744
Bleu: 24.84
geo_mean: 34.31
bow_process finished
Acc: 38.51
606 / 8863
Bleu: 45.24
geo_mean: 52.86
